mode: set
github.com/UFFeScience/akoflow/cmd/akoflow/main.go:9.13,16.2 3 0
github.com/UFFeScience/akoflow/cmd/server/main.go:13.13,27.2 8 0
github.com/UFFeScience/akoflow/internal/api/handlers/internal_storage_handler/internal_storage_handler.go:21.67,23.16 2 1
github.com/UFFeScience/akoflow/internal/api/handlers/internal_storage_handler/internal_storage_handler.go:23.16,25.3 1 0
github.com/UFFeScience/akoflow/internal/api/handlers/internal_storage_handler/internal_storage_handler.go:26.2,26.24 1 1
github.com/UFFeScience/akoflow/internal/api/handlers/internal_storage_handler/internal_storage_handler.go:29.36,35.2 1 0
github.com/UFFeScience/akoflow/internal/api/handlers/internal_storage_handler/internal_storage_handler.go:37.97,48.2 6 1
github.com/UFFeScience/akoflow/internal/api/handlers/internal_storage_handler/internal_storage_handler.go:50.93,60.2 6 1
github.com/UFFeScience/akoflow/internal/api/handlers/internal_storage_handler/internal_storage_handler.go:62.97,72.2 6 1
github.com/UFFeScience/akoflow/internal/api/handlers/internal_storage_handler/internal_storage_handler.go:74.93,84.2 6 1
github.com/UFFeScience/akoflow/internal/api/handlers/internal_storage_handler/internal_storage_handler.go:86.100,90.16 4 1
github.com/UFFeScience/akoflow/internal/api/handlers/internal_storage_handler/internal_storage_handler.go:90.16,93.3 2 1
github.com/UFFeScience/akoflow/internal/api/handlers/internal_storage_handler/internal_storage_handler.go:95.2,109.60 4 1
github.com/UFFeScience/akoflow/internal/api/handlers/internal_storage_handler/internal_storage_handler.go:109.60,112.3 2 0
github.com/UFFeScience/akoflow/internal/api/handlers/runtime_api_handler/runtimes_api_handler.go:21.31,26.2 1 1
github.com/UFFeScience/akoflow/internal/api/handlers/runtime_api_handler/runtimes_api_handler.go:28.67,30.2 1 1
github.com/UFFeScience/akoflow/internal/api/handlers/runtime_api_handler/runtimes_api_handler.go:32.85,35.16 2 1
github.com/UFFeScience/akoflow/internal/api/handlers/runtime_api_handler/runtimes_api_handler.go:35.16,38.3 2 1
github.com/UFFeScience/akoflow/internal/api/handlers/runtime_api_handler/runtimes_api_handler.go:40.2,42.48 3 1
github.com/UFFeScience/akoflow/internal/api/handlers/storage_databasedump_handler/storage_databasedump_handler.go:13.40,15.2 1 1
github.com/UFFeScience/akoflow/internal/api/handlers/storage_databasedump_handler/storage_databasedump_handler.go:17.98,18.25 1 1
github.com/UFFeScience/akoflow/internal/api/handlers/storage_databasedump_handler/storage_databasedump_handler.go:18.25,21.3 2 1
github.com/UFFeScience/akoflow/internal/api/handlers/storage_databasedump_handler/storage_databasedump_handler.go:23.2,27.28 4 1
github.com/UFFeScience/akoflow/internal/api/handlers/storage_databasedump_handler/storage_databasedump_handler.go:31.60,35.16 2 1
github.com/UFFeScience/akoflow/internal/api/handlers/storage_databasedump_handler/storage_databasedump_handler.go:35.16,37.3 1 1
github.com/UFFeScience/akoflow/internal/api/handlers/storage_databasedump_handler/storage_databasedump_handler.go:39.2,39.13 1 1
github.com/UFFeScience/akoflow/internal/api/handlers/workflow_engine_api_handler/workflow_engine_api_handler.go:43.21,49.2 1 0
github.com/UFFeScience/akoflow/internal/api/handlers/workflow_engine_api_handler/workflow_engine_api_handler.go:51.62,57.2 1 1
github.com/UFFeScience/akoflow/internal/api/handlers/workflow_engine_api_handler/workflow_engine_api_handler.go:59.77,61.32 2 1
github.com/UFFeScience/akoflow/internal/api/handlers/workflow_engine_api_handler/workflow_engine_api_handler.go:61.32,63.3 1 0
github.com/UFFeScience/akoflow/internal/api/handlers/workflow_engine_api_handler/workflow_engine_api_handler.go:64.2,64.58 1 1
github.com/UFFeScience/akoflow/internal/api/handlers/workflow_engine_api_handler/workflow_engine_api_handler.go:64.58,67.3 2 0
github.com/UFFeScience/akoflow/internal/api/handlers/workflow_engine_api_handler/workflow_engine_api_handler.go:68.2,68.46 1 1
github.com/UFFeScience/akoflow/internal/api/handlers/workflow_engine_api_handler/workflow_engine_api_handler.go:71.74,73.32 2 1
github.com/UFFeScience/akoflow/internal/api/handlers/workflow_engine_api_handler/workflow_engine_api_handler.go:73.32,75.3 1 1
github.com/UFFeScience/akoflow/internal/api/handlers/workflow_engine_api_handler/workflow_engine_api_handler.go:76.2,76.55 1 0
github.com/UFFeScience/akoflow/internal/api/handlers/workflow_engine_api_handler/workflow_engine_api_handler.go:76.55,79.3 2 0
github.com/UFFeScience/akoflow/internal/api/handlers/workflow_engine_api_handler/workflow_engine_api_handler.go:80.2,80.46 1 0
github.com/UFFeScience/akoflow/internal/api/handlers/workflow_engine_api_handler/workflow_engine_api_handler.go:89.70,91.29 2 1
github.com/UFFeScience/akoflow/internal/api/handlers/workflow_engine_api_handler/workflow_engine_api_handler.go:91.29,93.3 1 0
github.com/UFFeScience/akoflow/internal/api/handlers/workflow_engine_api_handler/workflow_engine_api_handler.go:94.2,94.96 1 1
github.com/UFFeScience/akoflow/internal/api/handlers/workflow_engine_api_handler/workflow_engine_api_handler.go:94.96,97.3 2 1
github.com/UFFeScience/akoflow/internal/api/handlers/workflow_engine_api_handler/workflow_engine_api_handler.go:98.2,98.51 1 0
github.com/UFFeScience/akoflow/internal/api/handlers/workflow_engine_api_handler/workflow_engine_api_handler.go:98.51,101.3 2 0
github.com/UFFeScience/akoflow/internal/api/handlers/workflow_engine_api_handler/workflow_engine_api_handler.go:102.2,102.48 1 0
github.com/UFFeScience/akoflow/internal/api/handlers/workflow_engine_api_handler/workflow_engine_api_handler.go:105.67,107.16 2 1
github.com/UFFeScience/akoflow/internal/api/handlers/workflow_engine_api_handler/workflow_engine_api_handler.go:107.16,110.3 2 0
github.com/UFFeScience/akoflow/internal/api/handlers/workflow_engine_api_handler/workflow_engine_api_handler.go:111.2,111.17 1 1
github.com/UFFeScience/akoflow/internal/api/handlers/workflow_engine_api_handler/workflow_engine_api_handler.go:111.17,114.3 2 1
github.com/UFFeScience/akoflow/internal/api/handlers/workflow_engine_api_handler/workflow_engine_api_handler.go:115.2,115.35 1 1
github.com/UFFeScience/akoflow/internal/api/handlers/workflow_engine_api_handler/workflow_engine_api_handler.go:118.68,120.29 2 1
github.com/UFFeScience/akoflow/internal/api/handlers/workflow_engine_api_handler/workflow_engine_api_handler.go:120.29,122.3 1 0
github.com/UFFeScience/akoflow/internal/api/handlers/workflow_engine_api_handler/workflow_engine_api_handler.go:123.2,126.51 4 1
github.com/UFFeScience/akoflow/internal/api/handlers/workflow_engine_api_handler/workflow_engine_api_handler.go:126.51,129.3 2 0
github.com/UFFeScience/akoflow/internal/api/handlers/workflow_engine_api_handler/workflow_engine_api_handler.go:130.2,131.16 2 1
github.com/UFFeScience/akoflow/internal/api/handlers/workflow_engine_api_handler/workflow_engine_api_handler.go:131.16,134.3 2 0
github.com/UFFeScience/akoflow/internal/api/handlers/workflow_engine_api_handler/workflow_engine_api_handler.go:135.2,135.47 1 1
github.com/UFFeScience/akoflow/internal/api/handlers/workflow_engine_api_handler/workflow_engine_api_handler.go:135.47,138.3 2 0
github.com/UFFeScience/akoflow/internal/api/handlers/workflow_engine_api_handler/workflow_engine_api_handler.go:139.2,139.41 1 1
github.com/UFFeScience/akoflow/internal/api/handlers/workflow_engine_api_handler/workflow_engine_api_handler.go:142.70,145.47 3 1
github.com/UFFeScience/akoflow/internal/api/handlers/workflow_engine_api_handler/workflow_engine_api_handler.go:145.47,148.3 2 1
github.com/UFFeScience/akoflow/internal/api/handlers/workflow_engine_api_handler/workflow_engine_api_handler.go:149.2,149.13 1 1
github.com/UFFeScience/akoflow/internal/api/handlers/workflow_engine_api_handler/workflow_engine_api_handler.go:152.62,156.2 3 1
github.com/UFFeScience/akoflow/internal/api/handlers/workflow_engine_api_handler/workflow_engine_api_handler.go:158.63,160.16 2 1
github.com/UFFeScience/akoflow/internal/api/handlers/workflow_engine_api_handler/workflow_engine_api_handler.go:160.16,162.3 1 1
github.com/UFFeScience/akoflow/internal/api/handlers/workflow_engine_api_handler/workflow_engine_api_handler.go:163.2,163.59 1 1
github.com/UFFeScience/akoflow/internal/api/handlers/schedule_api_handler/schedule_api_handler.go:29.32,35.2 1 1
github.com/UFFeScience/akoflow/internal/api/handlers/schedule_api_handler/schedule_api_handler.go:37.111,39.2 1 1
github.com/UFFeScience/akoflow/internal/api/handlers/schedule_api_handler/schedule_api_handler.go:41.87,43.16 2 1
github.com/UFFeScience/akoflow/internal/api/handlers/schedule_api_handler/schedule_api_handler.go:43.16,46.3 2 1
github.com/UFFeScience/akoflow/internal/api/handlers/schedule_api_handler/schedule_api_handler.go:48.2,50.49 3 1
github.com/UFFeScience/akoflow/internal/api/handlers/schedule_api_handler/schedule_api_handler.go:59.85,62.70 2 1
github.com/UFFeScience/akoflow/internal/api/handlers/schedule_api_handler/schedule_api_handler.go:62.70,65.3 2 1
github.com/UFFeScience/akoflow/internal/api/handlers/schedule_api_handler/schedule_api_handler.go:66.2,66.68 1 1
github.com/UFFeScience/akoflow/internal/api/handlers/schedule_api_handler/schedule_api_handler.go:66.68,69.3 2 1
github.com/UFFeScience/akoflow/internal/api/handlers/schedule_api_handler/schedule_api_handler.go:71.2,72.16 2 1
github.com/UFFeScience/akoflow/internal/api/handlers/schedule_api_handler/schedule_api_handler.go:72.16,75.3 2 1
github.com/UFFeScience/akoflow/internal/api/handlers/schedule_api_handler/schedule_api_handler.go:77.2,79.48 3 1
github.com/UFFeScience/akoflow/internal/api/handlers/schedule_api_handler/schedule_api_handler.go:82.82,86.16 3 1
github.com/UFFeScience/akoflow/internal/api/handlers/schedule_api_handler/schedule_api_handler.go:86.16,89.3 2 1
github.com/UFFeScience/akoflow/internal/api/handlers/schedule_api_handler/schedule_api_handler.go:91.2,93.48 3 1
github.com/UFFeScience/akoflow/internal/api/handlers/workflow_api_handler/workflow_api_handler.go:26.32,35.2 1 0
github.com/UFFeScience/akoflow/internal/api/handlers/workflow_api_handler/workflow_api_handler.go:43.24,45.2 1 1
github.com/UFFeScience/akoflow/internal/api/handlers/workflow_api_handler/workflow_api_handler.go:47.87,50.16 2 1
github.com/UFFeScience/akoflow/internal/api/handlers/workflow_api_handler/workflow_api_handler.go:50.16,53.3 2 1
github.com/UFFeScience/akoflow/internal/api/handlers/workflow_api_handler/workflow_api_handler.go:55.2,57.49 3 1
github.com/UFFeScience/akoflow/internal/api/handlers/workflow_api_handler/workflow_api_handler.go:60.82,63.16 3 1
github.com/UFFeScience/akoflow/internal/api/handlers/workflow_api_handler/workflow_api_handler.go:63.16,66.3 2 1
github.com/UFFeScience/akoflow/internal/api/handlers/workflow_api_handler/workflow_api_handler.go:68.2,70.16 2 1
github.com/UFFeScience/akoflow/internal/api/handlers/workflow_api_handler/workflow_api_handler.go:70.16,73.3 2 1
github.com/UFFeScience/akoflow/internal/api/handlers/workflow_api_handler/workflow_api_handler.go:75.2,77.48 3 1
github.com/UFFeScience/akoflow/internal/api/handlers/workflow_api_handler/workflow_api_handler.go:81.87,86.16 4 1
github.com/UFFeScience/akoflow/internal/api/handlers/workflow_api_handler/workflow_api_handler.go:86.16,89.3 2 1
github.com/UFFeScience/akoflow/internal/api/handlers/workflow_api_handler/workflow_api_handler.go:91.2,93.45 3 1
github.com/UFFeScience/akoflow/internal/api/handlers/workflow_handler/workflow_handler_run.go:23.29,27.2 1 1
github.com/UFFeScience/akoflow/internal/api/handlers/workflow_handler/workflow_handler_run.go:29.68,31.2 1 1
github.com/UFFeScience/akoflow/internal/api/handlers/workflow_handler/workflow_handler_run.go:33.74,36.16 3 1
github.com/UFFeScience/akoflow/internal/api/handlers/workflow_handler/workflow_handler_run.go:36.16,39.3 2 1
github.com/UFFeScience/akoflow/internal/api/handlers/workflow_handler/workflow_handler_run.go:41.2,45.16 3 1
github.com/UFFeScience/akoflow/internal/api/handlers/workflow_handler/workflow_handler_run.go:45.16,47.3 1 1
github.com/UFFeScience/akoflow/internal/api/handlers/workflow_handler/workflow_handler_run.go:49.2,59.16 2 1
github.com/UFFeScience/akoflow/internal/api/handlers/workflow_handler/workflow_handler_run.go:59.16,62.3 2 0
github.com/UFFeScience/akoflow/internal/api/handlers/workflow_handler/workflow_handler_run.go:64.2,67.16 4 1
github.com/UFFeScience/akoflow/internal/api/handlers/workflow_handler/workflow_handler_run.go:67.16,69.3 1 0
github.com/UFFeScience/akoflow/internal/api/mapper/mapper.go:5.39,9.43 3 1
github.com/UFFeScience/akoflow/internal/api/mapper/mapper.go:9.43,13.46 3 1
github.com/UFFeScience/akoflow/internal/api/mapper/mapper.go:13.46,14.27 1 1
github.com/UFFeScience/akoflow/internal/api/mapper/mapper.go:15.24,16.66 1 1
github.com/UFFeScience/akoflow/internal/api/mapper/mapper.go:17.38,18.77 1 1
github.com/UFFeScience/akoflow/internal/api/mapper/mapper.go:18.77,20.42 2 1
github.com/UFFeScience/akoflow/internal/api/mapper/mapper.go:20.42,24.43 3 1
github.com/UFFeScience/akoflow/internal/api/mapper/mapper.go:24.43,26.8 1 1
github.com/UFFeScience/akoflow/internal/api/mapper/mapper.go:26.13,26.50 1 1
github.com/UFFeScience/akoflow/internal/api/mapper/mapper.go:26.50,28.8 1 1
github.com/UFFeScience/akoflow/internal/api/mapper/mapper.go:30.6,30.25 1 1
github.com/UFFeScience/akoflow/internal/api/mapper/mapper.go:32.12,33.43 1 1
github.com/UFFeScience/akoflow/internal/api/mapper/mapper.go:33.43,35.6 1 1
github.com/UFFeScience/akoflow/internal/api/mapper/mapper_engine_api/mapper_engine_api.go:10.110,14.2 3 1
github.com/UFFeScience/akoflow/internal/api/mapper/mapper_engine_api/mapper_engine_api.go:16.118,18.30 2 1
github.com/UFFeScience/akoflow/internal/api/mapper/mapper_engine_api/mapper_engine_api.go:18.30,20.3 1 1
github.com/UFFeScience/akoflow/internal/api/mapper/mapper_engine_api/mapper_engine_api.go:21.2,21.20 1 1
github.com/UFFeScience/akoflow/internal/api/mapper/mapper_engine_api/mapper_engine_api.go:24.104,28.2 3 1
github.com/UFFeScience/akoflow/internal/api/mapper/mapper_engine_api/mapper_engine_api.go:30.112,32.29 2 1
github.com/UFFeScience/akoflow/internal/api/mapper/mapper_engine_api/mapper_engine_api.go:32.29,34.3 1 1
github.com/UFFeScience/akoflow/internal/api/mapper/mapper_engine_api/mapper_engine_api.go:35.2,35.19 1 1
github.com/UFFeScience/akoflow/internal/api/httpserver/cors.go:6.45,7.71 1 1
github.com/UFFeScience/akoflow/internal/api/httpserver/cors.go:7.71,11.28 4 1
github.com/UFFeScience/akoflow/internal/api/httpserver/cors.go:11.28,14.4 2 1
github.com/UFFeScience/akoflow/internal/api/httpserver/cors.go:15.3,15.20 1 1
github.com/UFFeScience/akoflow/internal/api/httpserver/httpserver.go:17.58,20.2 2 1
github.com/UFFeScience/akoflow/internal/api/httpserver/httpserver.go:22.20,71.16 25 0
github.com/UFFeScience/akoflow/internal/api/httpserver/httpserver.go:71.16,73.13 2 0
github.com/UFFeScience/akoflow/internal/application/services/file_disk_parser_service/file_list_parser_service.go:11.34,13.2 1 1
github.com/UFFeScience/akoflow/internal/application/services/file_disk_parser_service/file_list_parser_service.go:25.72,31.29 4 1
github.com/UFFeScience/akoflow/internal/application/services/file_disk_parser_service/file_list_parser_service.go:31.29,33.66 1 1
github.com/UFFeScience/akoflow/internal/application/services/file_disk_parser_service/file_list_parser_service.go:33.66,35.4 1 1
github.com/UFFeScience/akoflow/internal/application/services/file_disk_parser_service/file_list_parser_service.go:37.3,39.30 3 1
github.com/UFFeScience/akoflow/internal/application/services/file_disk_parser_service/file_list_parser_service.go:39.30,40.18 1 1
github.com/UFFeScience/akoflow/internal/application/services/file_disk_parser_service/file_list_parser_service.go:40.18,41.13 1 1
github.com/UFFeScience/akoflow/internal/application/services/file_disk_parser_service/file_list_parser_service.go:43.4,43.58 1 1
github.com/UFFeScience/akoflow/internal/application/services/file_disk_parser_service/file_list_parser_service.go:46.3,46.26 1 1
github.com/UFFeScience/akoflow/internal/application/services/file_disk_parser_service/file_list_parser_service.go:46.26,47.12 1 1
github.com/UFFeScience/akoflow/internal/application/services/file_disk_parser_service/file_list_parser_service.go:50.3,60.42 2 1
github.com/UFFeScience/akoflow/internal/application/services/file_disk_parser_service/file_list_parser_service.go:64.2,64.18 1 1
github.com/UFFeScience/akoflow/internal/application/services/file_disk_parser_service/file_list_parser_service.go:67.61,68.65 1 1
github.com/UFFeScience/akoflow/internal/application/services/file_disk_parser_service/file_list_parser_service.go:68.65,70.3 1 1
github.com/UFFeScience/akoflow/internal/application/services/file_disk_parser_service/file_list_parser_service.go:71.2,71.11 1 0
github.com/UFFeScience/akoflow/internal/application/services/file_disk_parser_service/file_list_parser_service.go:74.62,81.2 3 1
github.com/UFFeScience/akoflow/internal/application/services/file_spec_parser_service/file_spec_parser_service.go:12.34,14.2 1 1
github.com/UFFeScience/akoflow/internal/application/services/file_spec_parser_service/file_spec_parser_service.go:25.62,29.52 3 1
github.com/UFFeScience/akoflow/internal/application/services/file_spec_parser_service/file_spec_parser_service.go:29.52,30.21 1 1
github.com/UFFeScience/akoflow/internal/application/services/file_spec_parser_service/file_spec_parser_service.go:30.21,32.12 2 1
github.com/UFFeScience/akoflow/internal/application/services/file_spec_parser_service/file_spec_parser_service.go:35.3,36.22 2 1
github.com/UFFeScience/akoflow/internal/application/services/file_spec_parser_service/file_spec_parser_service.go:36.22,37.12 1 1
github.com/UFFeScience/akoflow/internal/application/services/file_spec_parser_service/file_spec_parser_service.go:40.3,40.43 1 1
github.com/UFFeScience/akoflow/internal/application/services/file_spec_parser_service/file_spec_parser_service.go:43.2,44.32 2 1
github.com/UFFeScience/akoflow/internal/application/services/file_spec_parser_service/file_spec_parser_service.go:47.66,53.22 3 1
github.com/UFFeScience/akoflow/internal/application/services/file_spec_parser_service/file_spec_parser_service.go:53.22,55.3 1 1
github.com/UFFeScience/akoflow/internal/application/services/file_spec_parser_service/file_spec_parser_service.go:58.2,73.3 7 1
github.com/UFFeScience/akoflow/internal/application/services/create_schedule_api_service/create_schedule_api_service.go:34.38,37.46 1 1
github.com/UFFeScience/akoflow/internal/application/services/create_schedule_api_service/create_schedule_api_service.go:37.46,37.95 1 0
github.com/UFFeScience/akoflow/internal/application/services/create_schedule_api_service/create_schedule_api_service.go:39.57,39.85 1 0
github.com/UFFeScience/akoflow/internal/application/services/create_schedule_api_service/create_schedule_api_service.go:41.2,41.58 1 1
github.com/UFFeScience/akoflow/internal/application/services/create_schedule_api_service/create_schedule_api_service.go:41.58,46.3 4 0
github.com/UFFeScience/akoflow/internal/application/services/create_schedule_api_service/create_schedule_api_service.go:47.2,48.16 2 1
github.com/UFFeScience/akoflow/internal/application/services/create_schedule_api_service/create_schedule_api_service.go:51.300,55.2 3 1
github.com/UFFeScience/akoflow/internal/application/services/create_schedule_api_service/create_schedule_api_service.go:57.85,68.16 8 1
github.com/UFFeScience/akoflow/internal/application/services/create_schedule_api_service/create_schedule_api_service.go:68.16,70.3 1 1
github.com/UFFeScience/akoflow/internal/application/services/create_schedule_api_service/create_schedule_api_service.go:71.2,74.60 3 1
github.com/UFFeScience/akoflow/internal/application/services/create_schedule_api_service/create_schedule_api_service.go:74.60,76.3 1 1
github.com/UFFeScience/akoflow/internal/application/services/create_schedule_api_service/create_schedule_api_service.go:78.2,78.54 1 1
github.com/UFFeScience/akoflow/internal/application/services/create_schedule_api_service/create_schedule_api_service.go:78.54,79.49 1 1
github.com/UFFeScience/akoflow/internal/application/services/create_schedule_api_service/create_schedule_api_service.go:79.49,81.4 1 1
github.com/UFFeScience/akoflow/internal/application/services/create_schedule_api_service/create_schedule_api_service.go:82.8,84.3 1 1
github.com/UFFeScience/akoflow/internal/application/services/create_schedule_api_service/create_schedule_api_service.go:86.2,86.40 1 1
github.com/UFFeScience/akoflow/internal/application/services/create_schedule_api_service/create_schedule_api_service.go:89.88,90.68 1 1
github.com/UFFeScience/akoflow/internal/application/services/create_schedule_api_service/create_schedule_api_service.go:90.68,92.3 1 1
github.com/UFFeScience/akoflow/internal/application/services/create_schedule_api_service/create_schedule_api_service.go:94.2,96.54 2 1
github.com/UFFeScience/akoflow/internal/application/services/create_schedule_api_service/create_schedule_api_service.go:96.54,99.3 2 1
github.com/UFFeScience/akoflow/internal/application/services/create_schedule_api_service/create_schedule_api_service.go:101.2,103.13 2 1
github.com/UFFeScience/akoflow/internal/application/services/create_schedule_api_service/create_schedule_api_service.go:106.70,109.16 2 1
github.com/UFFeScience/akoflow/internal/application/services/create_schedule_api_service/create_schedule_api_service.go:109.16,112.3 2 1
github.com/UFFeScience/akoflow/internal/application/services/create_schedule_api_service/create_schedule_api_service.go:114.2,115.16 2 1
github.com/UFFeScience/akoflow/internal/application/services/create_schedule_api_service/create_schedule_api_service.go:115.16,118.3 2 1
github.com/UFFeScience/akoflow/internal/application/services/create_schedule_api_service/create_schedule_api_service.go:120.2,122.9 2 1
github.com/UFFeScience/akoflow/internal/application/services/create_schedule_api_service/create_schedule_api_service.go:122.9,125.3 2 1
github.com/UFFeScience/akoflow/internal/application/services/create_schedule_api_service/create_schedule_api_service.go:127.2,142.13 4 1
github.com/UFFeScience/akoflow/internal/application/services/create_schedule_api_service/create_schedule_api_service.go:145.133,148.16 2 1
github.com/UFFeScience/akoflow/internal/application/services/create_schedule_api_service/create_schedule_api_service.go:148.16,150.3 1 1
github.com/UFFeScience/akoflow/internal/application/services/create_schedule_api_service/create_schedule_api_service.go:152.2,153.14 2 1
github.com/UFFeScience/akoflow/internal/application/services/create_schedule_api_service/create_schedule_api_service.go:153.14,155.3 1 1
github.com/UFFeScience/akoflow/internal/application/services/create_schedule_api_service/create_schedule_api_service.go:157.2,158.16 2 1
github.com/UFFeScience/akoflow/internal/application/services/create_schedule_api_service/create_schedule_api_service.go:158.16,160.3 1 1
github.com/UFFeScience/akoflow/internal/application/services/create_schedule_api_service/create_schedule_api_service.go:162.2,169.8 1 1
github.com/UFFeScience/akoflow/internal/application/services/create_storage_in_database_service/create_storage_in_database_service.go:21.43,30.2 2 1
github.com/UFFeScience/akoflow/internal/application/services/create_storage_in_database_service/create_storage_in_database_service.go:32.172,34.2 1 1
github.com/UFFeScience/akoflow/internal/application/services/create_storage_in_database_service/create_storage_in_database_service.go:36.75,39.16 2 1
github.com/UFFeScience/akoflow/internal/application/services/create_storage_in_database_service/create_storage_in_database_service.go:39.16,41.3 1 1
github.com/UFFeScience/akoflow/internal/application/services/create_storage_in_database_service/create_storage_in_database_service.go:43.2,44.16 2 1
github.com/UFFeScience/akoflow/internal/application/services/create_storage_in_database_service/create_storage_in_database_service.go:44.16,46.3 1 1
github.com/UFFeScience/akoflow/internal/application/services/create_storage_in_database_service/create_storage_in_database_service.go:48.2,58.4 2 1
github.com/UFFeScience/akoflow/internal/application/services/create_workflow_in_database_service/create_workflow_in_database_service.go:20.45,29.2 2 1
github.com/UFFeScience/akoflow/internal/application/services/create_workflow_in_database_service/create_workflow_in_database_service.go:31.181,33.2 1 1
github.com/UFFeScience/akoflow/internal/application/services/create_workflow_in_database_service/create_workflow_in_database_service.go:35.98,37.16 2 1
github.com/UFFeScience/akoflow/internal/application/services/create_workflow_in_database_service/create_workflow_in_database_service.go:37.16,39.3 1 1
github.com/UFFeScience/akoflow/internal/application/services/create_workflow_in_database_service/create_workflow_in_database_service.go:40.2,41.16 2 1
github.com/UFFeScience/akoflow/internal/application/services/create_workflow_in_database_service/create_workflow_in_database_service.go:41.16,43.3 1 1
github.com/UFFeScience/akoflow/internal/application/services/create_workflow_in_database_service/create_workflow_in_database_service.go:45.2,46.16 2 1
github.com/UFFeScience/akoflow/internal/application/services/create_workflow_in_database_service/create_workflow_in_database_service.go:46.16,48.3 1 1
github.com/UFFeScience/akoflow/internal/application/services/create_workflow_in_database_service/create_workflow_in_database_service.go:50.2,51.16 2 1
github.com/UFFeScience/akoflow/internal/application/services/create_workflow_in_database_service/create_workflow_in_database_service.go:51.16,53.3 1 1
github.com/UFFeScience/akoflow/internal/application/services/create_workflow_in_database_service/create_workflow_in_database_service.go:55.2,55.24 1 1
github.com/UFFeScience/akoflow/internal/application/services/find_workflow_api_service/find_workflow_api_service.go:22.36,27.2 1 0
github.com/UFFeScience/akoflow/internal/application/services/find_workflow_api_service/find_workflow_api_service.go:29.94,34.16 3 0
github.com/UFFeScience/akoflow/internal/application/services/find_workflow_api_service/find_workflow_api_service.go:34.16,36.3 1 0
github.com/UFFeScience/akoflow/internal/application/services/find_workflow_api_service/find_workflow_api_service.go:38.2,44.16 4 0
github.com/UFFeScience/akoflow/internal/application/services/find_workflow_api_service/find_workflow_api_service.go:44.16,46.3 1 0
github.com/UFFeScience/akoflow/internal/application/services/find_workflow_api_service/find_workflow_api_service.go:48.2,48.19 1 0
github.com/UFFeScience/akoflow/internal/application/services/find_workflow_api_service/find_workflow_api_service.go:51.58,54.2 2 1
github.com/UFFeScience/akoflow/internal/application/services/find_workflow_api_service/find_workflow_api_service.go:56.125,64.43 6 1
github.com/UFFeScience/akoflow/internal/application/services/find_workflow_api_service/find_workflow_api_service.go:64.43,66.3 1 1
github.com/UFFeScience/akoflow/internal/application/services/find_workflow_api_service/find_workflow_api_service.go:68.2,70.48 2 1
github.com/UFFeScience/akoflow/internal/application/services/find_workflow_api_service/find_workflow_api_service.go:70.48,78.61 5 1
github.com/UFFeScience/akoflow/internal/application/services/find_workflow_api_service/find_workflow_api_service.go:78.61,80.4 1 1
github.com/UFFeScience/akoflow/internal/application/services/find_workflow_api_service/find_workflow_api_service.go:82.3,82.56 1 1
github.com/UFFeScience/akoflow/internal/application/services/find_workflow_api_service/find_workflow_api_service.go:82.56,84.4 1 1
github.com/UFFeScience/akoflow/internal/application/services/find_workflow_api_service/find_workflow_api_service.go:86.3,96.48 7 1
github.com/UFFeScience/akoflow/internal/application/services/find_workflow_api_service/find_workflow_api_service.go:96.48,98.4 1 1
github.com/UFFeScience/akoflow/internal/application/services/find_workflow_api_service/find_workflow_api_service.go:99.3,99.43 1 1
github.com/UFFeScience/akoflow/internal/application/services/find_workflow_api_service/find_workflow_api_service.go:99.43,101.4 1 1
github.com/UFFeScience/akoflow/internal/application/services/find_workflow_api_service/find_workflow_api_service.go:105.2,114.14 6 1
github.com/UFFeScience/akoflow/internal/application/services/find_workflow_api_service/find_workflow_api_service.go:117.43,122.9 3 1
github.com/UFFeScience/akoflow/internal/application/services/find_workflow_api_service/find_workflow_api_service.go:123.42,125.63 2 1
github.com/UFFeScience/akoflow/internal/application/services/find_workflow_api_service/find_workflow_api_service.go:126.42,128.63 2 1
github.com/UFFeScience/akoflow/internal/application/services/find_workflow_api_service/find_workflow_api_service.go:129.42,131.63 2 1
github.com/UFFeScience/akoflow/internal/application/services/find_workflow_api_service/find_workflow_api_service.go:132.42,134.63 2 1
github.com/UFFeScience/akoflow/internal/application/services/find_workflow_api_service/find_workflow_api_service.go:135.10,138.15 2 1
github.com/UFFeScience/akoflow/internal/application/services/find_workflow_api_service/find_workflow_api_service.go:141.2,141.34 1 1
github.com/UFFeScience/akoflow/internal/application/services/garbage_collector_remove_storage_service/garbage_collector_remove_storage_service.go:32.49,47.2 1 0
github.com/UFFeScience/akoflow/internal/application/services/garbage_collector_remove_storage_service/garbage_collector_remove_storage_service.go:51.65,53.2 1 1
github.com/UFFeScience/akoflow/internal/application/services/garbage_collector_remove_storage_service/garbage_collector_remove_storage_service.go:55.75,60.39 3 0
github.com/UFFeScience/akoflow/internal/application/services/garbage_collector_remove_storage_service/garbage_collector_remove_storage_service.go:60.39,61.24 1 0
github.com/UFFeScience/akoflow/internal/application/services/garbage_collector_remove_storage_service/garbage_collector_remove_storage_service.go:61.24,63.4 1 0
github.com/UFFeScience/akoflow/internal/application/services/garbage_collector_remove_storage_service/garbage_collector_remove_storage_service.go:63.9,65.4 1 0
github.com/UFFeScience/akoflow/internal/application/services/garbage_collector_remove_storage_service/garbage_collector_remove_storage_service.go:68.2,68.47 1 0
github.com/UFFeScience/akoflow/internal/application/services/garbage_collector_remove_storage_service/garbage_collector_remove_storage_service.go:68.47,72.21 3 0
github.com/UFFeScience/akoflow/internal/application/services/garbage_collector_remove_storage_service/garbage_collector_remove_storage_service.go:72.21,75.4 2 0
github.com/UFFeScience/akoflow/internal/application/services/garbage_collector_remove_storage_service/garbage_collector_remove_storage_service.go:77.3,83.82 5 0
github.com/UFFeScience/akoflow/internal/application/services/garbage_collector_remove_storage_service/garbage_collector_remove_storage_service.go:89.117,92.20 2 1
github.com/UFFeScience/akoflow/internal/application/services/garbage_collector_remove_storage_service/garbage_collector_remove_storage_service.go:92.20,95.3 2 1
github.com/UFFeScience/akoflow/internal/application/services/garbage_collector_remove_storage_service/garbage_collector_remove_storage_service.go:97.2,110.53 6 1
github.com/UFFeScience/akoflow/internal/application/services/garbage_collector_remove_storage_service/garbage_collector_remove_storage_service.go:113.117,119.16 2 1
github.com/UFFeScience/akoflow/internal/application/services/garbage_collector_remove_storage_service/garbage_collector_remove_storage_service.go:119.16,122.3 2 1
github.com/UFFeScience/akoflow/internal/application/services/get_activity_dependencies_service/get_activity_dependencies_service.go:15.43,20.2 1 1
github.com/UFFeScience/akoflow/internal/application/services/get_activity_dependencies_service/get_activity_dependencies_service.go:22.130,24.2 1 1
github.com/UFFeScience/akoflow/internal/application/services/get_activity_dependencies_service/get_activity_dependencies_service.go:42.131,50.31 7 1
github.com/UFFeScience/akoflow/internal/application/services/get_activity_dependencies_service/get_activity_dependencies_service.go:50.31,54.3 3 1
github.com/UFFeScience/akoflow/internal/application/services/get_activity_dependencies_service/get_activity_dependencies_service.go:56.2,56.41 1 1
github.com/UFFeScience/akoflow/internal/application/services/get_activity_dependencies_service/get_activity_dependencies_service.go:56.41,57.95 1 1
github.com/UFFeScience/akoflow/internal/application/services/get_activity_dependencies_service/get_activity_dependencies_service.go:57.95,59.4 1 1
github.com/UFFeScience/akoflow/internal/application/services/get_activity_dependencies_service/get_activity_dependencies_service.go:60.3,60.105 1 1
github.com/UFFeScience/akoflow/internal/application/services/get_activity_dependencies_service/get_activity_dependencies_service.go:63.2,63.29 1 1
github.com/UFFeScience/akoflow/internal/application/services/get_activity_dependencies_service/get_activity_dependencies_service.go:66.153,72.36 4 1
github.com/UFFeScience/akoflow/internal/application/services/get_activity_dependencies_service/get_activity_dependencies_service.go:72.36,74.3 1 1
github.com/UFFeScience/akoflow/internal/application/services/get_activity_dependencies_service/get_activity_dependencies_service.go:76.2,77.41 2 1
github.com/UFFeScience/akoflow/internal/application/services/get_activity_dependencies_service/get_activity_dependencies_service.go:77.41,78.38 1 1
github.com/UFFeScience/akoflow/internal/application/services/get_activity_dependencies_service/get_activity_dependencies_service.go:78.38,80.4 1 1
github.com/UFFeScience/akoflow/internal/application/services/get_activity_dependencies_service/get_activity_dependencies_service.go:83.2,83.16 1 1
github.com/UFFeScience/akoflow/internal/application/services/get_activity_dependencies_service/get_activity_dependencies_service.go:87.141,93.36 4 1
github.com/UFFeScience/akoflow/internal/application/services/get_activity_dependencies_service/get_activity_dependencies_service.go:93.36,95.3 1 1
github.com/UFFeScience/akoflow/internal/application/services/get_activity_dependencies_service/get_activity_dependencies_service.go:97.2,98.41 2 1
github.com/UFFeScience/akoflow/internal/application/services/get_activity_dependencies_service/get_activity_dependencies_service.go:98.41,100.3 1 1
github.com/UFFeScience/akoflow/internal/application/services/get_activity_dependencies_service/get_activity_dependencies_service.go:102.2,102.16 1 1
github.com/UFFeScience/akoflow/internal/application/services/get_activity_dependencies_service/get_activity_dependencies_service.go:123.267,126.38 2 1
github.com/UFFeScience/akoflow/internal/application/services/get_activity_dependencies_service/get_activity_dependencies_service.go:126.38,128.42 2 1
github.com/UFFeScience/akoflow/internal/application/services/get_activity_dependencies_service/get_activity_dependencies_service.go:128.42,129.38 1 1
github.com/UFFeScience/akoflow/internal/application/services/get_activity_dependencies_service/get_activity_dependencies_service.go:129.38,130.97 1 1
github.com/UFFeScience/akoflow/internal/application/services/get_activity_dependencies_service/get_activity_dependencies_service.go:130.97,132.6 1 1
github.com/UFFeScience/akoflow/internal/application/services/get_activity_dependencies_service/get_activity_dependencies_service.go:136.2,136.50 1 1
github.com/UFFeScience/akoflow/internal/application/services/get_activity_dependencies_service/get_activity_dependencies_service.go:163.180,165.38 2 1
github.com/UFFeScience/akoflow/internal/application/services/get_activity_dependencies_service/get_activity_dependencies_service.go:165.38,167.3 1 1
github.com/UFFeScience/akoflow/internal/application/services/get_activity_dependencies_service/get_activity_dependencies_service.go:169.2,171.41 2 1
github.com/UFFeScience/akoflow/internal/application/services/get_activity_dependencies_service/get_activity_dependencies_service.go:171.41,172.46 1 1
github.com/UFFeScience/akoflow/internal/application/services/get_activity_dependencies_service/get_activity_dependencies_service.go:172.46,173.47 1 1
github.com/UFFeScience/akoflow/internal/application/services/get_activity_dependencies_service/get_activity_dependencies_service.go:173.47,175.5 1 1
github.com/UFFeScience/akoflow/internal/application/services/get_activity_dependencies_service/get_activity_dependencies_service.go:177.3,177.43 1 1
github.com/UFFeScience/akoflow/internal/application/services/get_activity_dependencies_service/get_activity_dependencies_service.go:180.2,180.15 1 1
github.com/UFFeScience/akoflow/internal/application/services/get_map_activities_keep_disk_service/get_map_activities_keep_disk_service.go:22.44,31.2 2 1
github.com/UFFeScience/akoflow/internal/application/services/get_map_activities_keep_disk_service/get_map_activities_keep_disk_service.go:33.128,35.2 1 1
github.com/UFFeScience/akoflow/internal/application/services/get_map_activities_keep_disk_service/get_map_activities_keep_disk_service.go:39.109,44.16 3 1
github.com/UFFeScience/akoflow/internal/application/services/get_map_activities_keep_disk_service/get_map_activities_keep_disk_service.go:44.16,46.3 1 1
github.com/UFFeScience/akoflow/internal/application/services/get_map_activities_keep_disk_service/get_map_activities_keep_disk_service.go:48.2,53.38 3 1
github.com/UFFeScience/akoflow/internal/application/services/get_map_activities_keep_disk_service/get_map_activities_keep_disk_service.go:53.38,55.3 1 1
github.com/UFFeScience/akoflow/internal/application/services/get_map_activities_keep_disk_service/get_map_activities_keep_disk_service.go:57.2,57.54 1 1
github.com/UFFeScience/akoflow/internal/application/services/get_map_activities_keep_disk_service/get_map_activities_keep_disk_service.go:57.54,58.43 1 1
github.com/UFFeScience/akoflow/internal/application/services/get_map_activities_keep_disk_service/get_map_activities_keep_disk_service.go:58.43,59.28 1 1
github.com/UFFeScience/akoflow/internal/application/services/get_map_activities_keep_disk_service/get_map_activities_keep_disk_service.go:59.28,61.5 1 1
github.com/UFFeScience/akoflow/internal/application/services/get_map_activities_keep_disk_service/get_map_activities_keep_disk_service.go:65.2,65.35 1 1
github.com/UFFeScience/akoflow/internal/application/services/get_pending_storage_service/get_pending_storage_service.go:31.37,45.2 3 1
github.com/UFFeScience/akoflow/internal/application/services/get_pending_storage_service/get_pending_storage_service.go:47.204,49.2 1 1
github.com/UFFeScience/akoflow/internal/application/services/get_pending_storage_service/get_pending_storage_service.go:51.112,53.16 2 1
github.com/UFFeScience/akoflow/internal/application/services/get_pending_storage_service/get_pending_storage_service.go:53.16,55.3 1 1
github.com/UFFeScience/akoflow/internal/application/services/get_pending_storage_service/get_pending_storage_service.go:57.2,61.35 4 1
github.com/UFFeScience/akoflow/internal/application/services/get_pending_storage_service/get_pending_storage_service.go:61.35,64.3 2 1
github.com/UFFeScience/akoflow/internal/application/services/get_pending_storage_service/get_pending_storage_service.go:66.2,66.40 1 1
github.com/UFFeScience/akoflow/internal/application/services/get_pending_storage_service/get_pending_storage_service.go:66.40,68.3 1 1
github.com/UFFeScience/akoflow/internal/application/services/get_pending_storage_service/get_pending_storage_service.go:70.2,71.16 2 1
github.com/UFFeScience/akoflow/internal/application/services/get_pending_storage_service/get_pending_storage_service.go:71.16,73.3 1 1
github.com/UFFeScience/akoflow/internal/application/services/get_pending_storage_service/get_pending_storage_service.go:75.2,77.46 2 1
github.com/UFFeScience/akoflow/internal/application/services/get_pending_storage_service/get_pending_storage_service.go:77.46,79.3 1 1
github.com/UFFeScience/akoflow/internal/application/services/get_pending_storage_service/get_pending_storage_service.go:81.2,82.41 2 1
github.com/UFFeScience/akoflow/internal/application/services/get_pending_storage_service/get_pending_storage_service.go:82.41,85.22 2 1
github.com/UFFeScience/akoflow/internal/application/services/get_pending_storage_service/get_pending_storage_service.go:85.22,86.12 1 0
github.com/UFFeScience/akoflow/internal/application/services/get_pending_storage_service/get_pending_storage_service.go:89.3,89.42 1 1
github.com/UFFeScience/akoflow/internal/application/services/get_pending_storage_service/get_pending_storage_service.go:89.42,91.4 1 1
github.com/UFFeScience/akoflow/internal/application/services/get_pending_storage_service/get_pending_storage_service.go:93.3,93.53 1 1
github.com/UFFeScience/akoflow/internal/application/services/get_pending_storage_service/get_pending_storage_service.go:93.53,94.12 1 1
github.com/UFFeScience/akoflow/internal/application/services/get_pending_storage_service/get_pending_storage_service.go:97.3,97.66 1 1
github.com/UFFeScience/akoflow/internal/application/services/get_pending_storage_service/get_pending_storage_service.go:101.2,101.35 1 1
github.com/UFFeScience/akoflow/internal/application/services/get_pending_storage_service/get_pending_storage_service.go:104.201,112.38 5 1
github.com/UFFeScience/akoflow/internal/application/services/get_pending_storage_service/get_pending_storage_service.go:112.38,114.3 1 1
github.com/UFFeScience/akoflow/internal/application/services/get_pending_storage_service/get_pending_storage_service.go:116.2,121.56 4 1
github.com/UFFeScience/akoflow/internal/application/services/get_pending_storage_service/get_pending_storage_service.go:121.56,122.43 1 1
github.com/UFFeScience/akoflow/internal/application/services/get_pending_storage_service/get_pending_storage_service.go:122.43,124.4 1 1
github.com/UFFeScience/akoflow/internal/application/services/get_pending_storage_service/get_pending_storage_service.go:127.2,127.43 1 1
github.com/UFFeScience/akoflow/internal/application/services/get_pending_storage_service/get_pending_storage_service.go:127.43,130.65 3 1
github.com/UFFeScience/akoflow/internal/application/services/get_pending_storage_service/get_pending_storage_service.go:130.65,131.61 1 1
github.com/UFFeScience/akoflow/internal/application/services/get_pending_storage_service/get_pending_storage_service.go:131.61,133.5 1 1
github.com/UFFeScience/akoflow/internal/application/services/get_pending_storage_service/get_pending_storage_service.go:136.3,136.61 1 1
github.com/UFFeScience/akoflow/internal/application/services/get_pending_storage_service/get_pending_storage_service.go:136.61,138.4 1 1
github.com/UFFeScience/akoflow/internal/application/services/get_pending_storage_service/get_pending_storage_service.go:142.2,142.27 1 1
github.com/UFFeScience/akoflow/internal/application/services/get_pending_workflow_service/get_pending_workflow_service.go:18.160,24.2 1 1
github.com/UFFeScience/akoflow/internal/application/services/get_pending_workflow_service/get_pending_workflow_service.go:26.38,32.2 1 1
github.com/UFFeScience/akoflow/internal/application/services/get_pending_workflow_service/get_pending_workflow_service.go:34.95,36.16 2 1
github.com/UFFeScience/akoflow/internal/application/services/get_pending_workflow_service/get_pending_workflow_service.go:36.16,38.3 1 1
github.com/UFFeScience/akoflow/internal/application/services/get_pending_workflow_service/get_pending_workflow_service.go:40.2,40.23 1 1
github.com/UFFeScience/akoflow/internal/application/services/get_pending_workflow_service/get_pending_workflow_service.go:43.102,44.33 1 1
github.com/UFFeScience/akoflow/internal/application/services/get_pending_workflow_service/get_pending_workflow_service.go:44.33,46.3 1 1
github.com/UFFeScience/akoflow/internal/application/services/get_pending_workflow_service/get_pending_workflow_service.go:48.2,48.33 1 1
github.com/UFFeScience/akoflow/internal/application/services/get_pending_workflow_service/get_pending_workflow_service.go:48.33,50.3 1 1
github.com/UFFeScience/akoflow/internal/application/services/get_pending_workflow_service/get_pending_workflow_service.go:52.2,53.16 2 1
github.com/UFFeScience/akoflow/internal/application/services/get_pending_workflow_service/get_pending_workflow_service.go:53.16,55.3 1 1
github.com/UFFeScience/akoflow/internal/application/services/get_pending_workflow_service/get_pending_workflow_service.go:57.2,60.16 3 1
github.com/UFFeScience/akoflow/internal/application/services/get_pending_workflow_service/get_pending_workflow_service.go:60.16,62.3 1 1
github.com/UFFeScience/akoflow/internal/application/services/get_pending_workflow_service/get_pending_workflow_service.go:64.2,65.23 2 1
github.com/UFFeScience/akoflow/internal/application/services/get_workflow_by_status_service/get_workflow_by_status_service.go:11.39,13.2 1 1
github.com/UFFeScience/akoflow/internal/application/services/get_workflow_by_status_service/get_workflow_by_status_service.go:15.148,17.47 2 1
github.com/UFFeScience/akoflow/internal/application/services/get_workflow_by_status_service/get_workflow_by_status_service.go:17.47,18.32 1 1
github.com/UFFeScience/akoflow/internal/application/services/get_workflow_by_status_service/get_workflow_by_status_service.go:18.32,20.4 1 1
github.com/UFFeScience/akoflow/internal/application/services/get_workflow_by_status_service/get_workflow_by_status_service.go:22.2,22.20 1 1
github.com/UFFeScience/akoflow/internal/application/services/get_workflow_by_status_service/get_workflow_by_status_service.go:25.172,27.32 2 1
github.com/UFFeScience/akoflow/internal/application/services/get_workflow_by_status_service/get_workflow_by_status_service.go:27.32,28.32 1 1
github.com/UFFeScience/akoflow/internal/application/services/get_workflow_by_status_service/get_workflow_by_status_service.go:28.32,30.4 1 1
github.com/UFFeScience/akoflow/internal/application/services/get_workflow_by_status_service/get_workflow_by_status_service.go:32.2,32.20 1 1
github.com/UFFeScience/akoflow/internal/application/services/get_schedule_api_service/get_schedule_api_service.go:13.35,15.2 1 0
github.com/UFFeScience/akoflow/internal/application/services/get_schedule_api_service/get_schedule_api_service.go:17.99,19.2 1 1
github.com/UFFeScience/akoflow/internal/application/services/get_schedule_api_service/get_schedule_api_service.go:21.106,24.16 2 1
github.com/UFFeScience/akoflow/internal/application/services/get_schedule_api_service/get_schedule_api_service.go:24.16,26.3 1 1
github.com/UFFeScience/akoflow/internal/application/services/get_schedule_api_service/get_schedule_api_service.go:28.2,37.25 2 1
github.com/UFFeScience/akoflow/internal/application/services/list_runtimes_api_service/list_runtimes_api_service.go:14.36,16.2 1 0
github.com/UFFeScience/akoflow/internal/application/services/list_runtimes_api_service/list_runtimes_api_service.go:18.98,20.2 1 1
github.com/UFFeScience/akoflow/internal/application/services/list_runtimes_api_service/list_runtimes_api_service.go:22.88,25.16 2 1
github.com/UFFeScience/akoflow/internal/application/services/list_runtimes_api_service/list_runtimes_api_service.go:25.16,27.3 1 1
github.com/UFFeScience/akoflow/internal/application/services/list_runtimes_api_service/list_runtimes_api_service.go:29.2,30.24 2 1
github.com/UFFeScience/akoflow/internal/application/services/list_schedules_api_service/list_schedules_api_service.go:13.37,15.2 1 0
github.com/UFFeScience/akoflow/internal/application/services/list_schedules_api_service/list_schedules_api_service.go:17.101,19.2 1 1
github.com/UFFeScience/akoflow/internal/application/services/list_schedules_api_service/list_schedules_api_service.go:21.91,24.16 2 1
github.com/UFFeScience/akoflow/internal/application/services/list_schedules_api_service/list_schedules_api_service.go:24.16,26.3 1 1
github.com/UFFeScience/akoflow/internal/application/services/list_schedules_api_service/list_schedules_api_service.go:28.2,29.43 2 1
github.com/UFFeScience/akoflow/internal/application/services/list_schedules_api_service/list_schedules_api_service.go:29.43,38.3 1 1
github.com/UFFeScience/akoflow/internal/application/services/list_schedules_api_service/list_schedules_api_service.go:40.2,40.26 1 1
github.com/UFFeScience/akoflow/internal/application/services/health_check_runtime_check_service/health_check_runtime_check_service.go:20.44,22.60 1 1
github.com/UFFeScience/akoflow/internal/application/services/health_check_runtime_check_service/health_check_runtime_check_service.go:22.60,22.102 1 0
github.com/UFFeScience/akoflow/internal/application/services/health_check_runtime_check_service/health_check_runtime_check_service.go:25.74,29.52 1 1
github.com/UFFeScience/akoflow/internal/application/services/health_check_runtime_check_service/health_check_runtime_check_service.go:29.52,29.94 1 0
github.com/UFFeScience/akoflow/internal/application/services/health_check_runtime_check_service/health_check_runtime_check_service.go:33.84,35.2 1 1
github.com/UFFeScience/akoflow/internal/application/services/health_check_runtime_check_service/health_check_runtime_check_service.go:37.75,39.20 2 1
github.com/UFFeScience/akoflow/internal/application/services/health_check_runtime_check_service/health_check_runtime_check_service.go:39.20,41.3 1 1
github.com/UFFeScience/akoflow/internal/application/services/health_check_runtime_check_service/health_check_runtime_check_service.go:42.2,42.28 1 1
github.com/UFFeScience/akoflow/internal/application/services/health_check_runtime_check_service/health_check_runtime_check_service.go:42.28,44.3 1 1
github.com/UFFeScience/akoflow/internal/application/services/health_check_runtime_check_service/health_check_runtime_check_service.go:45.2,45.12 1 1
github.com/UFFeScience/akoflow/internal/application/services/list_workflows_api_service/list_workflows_api_service.go:16.37,21.2 1 1
github.com/UFFeScience/akoflow/internal/application/services/list_workflows_api_service/list_workflows_api_service.go:23.124,25.2 1 1
github.com/UFFeScience/akoflow/internal/application/services/list_workflows_api_service/list_workflows_api_service.go:27.91,30.16 2 1
github.com/UFFeScience/akoflow/internal/application/services/list_workflows_api_service/list_workflows_api_service.go:30.16,32.3 1 1
github.com/UFFeScience/akoflow/internal/application/services/list_workflows_api_service/list_workflows_api_service.go:34.2,37.16 3 1
github.com/UFFeScience/akoflow/internal/application/services/list_workflows_api_service/list_workflows_api_service.go:37.16,39.3 1 1
github.com/UFFeScience/akoflow/internal/application/services/list_workflows_api_service/list_workflows_api_service.go:41.2,45.25 3 1
github.com/UFFeScience/akoflow/internal/application/services/provenance_graph_service/provenance_graph_service.go:32.110,37.2 1 1
github.com/UFFeScience/akoflow/internal/application/services/provenance_graph_service/provenance_graph_service.go:47.87,49.16 2 1
github.com/UFFeScience/akoflow/internal/application/services/provenance_graph_service/provenance_graph_service.go:49.16,51.3 1 0
github.com/UFFeScience/akoflow/internal/application/services/provenance_graph_service/provenance_graph_service.go:53.2,54.35 2 1
github.com/UFFeScience/akoflow/internal/application/services/provenance_graph_service/provenance_graph_service.go:54.35,56.17 2 1
github.com/UFFeScience/akoflow/internal/application/services/provenance_graph_service/provenance_graph_service.go:56.17,58.4 1 1
github.com/UFFeScience/akoflow/internal/application/services/provenance_graph_service/provenance_graph_service.go:61.2,68.42 7 1
github.com/UFFeScience/akoflow/internal/application/services/provenance_graph_service/provenance_graph_service.go:68.42,70.18 2 1
github.com/UFFeScience/akoflow/internal/application/services/provenance_graph_service/provenance_graph_service.go:70.18,73.4 2 1
github.com/UFFeScience/akoflow/internal/application/services/provenance_graph_service/provenance_graph_service.go:76.2,76.47 1 1
github.com/UFFeScience/akoflow/internal/application/services/provenance_graph_service/provenance_graph_service.go:76.47,79.3 2 1
github.com/UFFeScience/akoflow/internal/application/services/provenance_graph_service/provenance_graph_service.go:81.2,81.51 1 1
github.com/UFFeScience/akoflow/internal/application/services/provenance_graph_service/provenance_graph_service.go:81.51,85.3 3 1
github.com/UFFeScience/akoflow/internal/application/services/provenance_graph_service/provenance_graph_service.go:87.2,87.37 1 1
github.com/UFFeScience/akoflow/internal/application/services/provenance_graph_service/provenance_graph_service.go:87.37,89.31 2 1
github.com/UFFeScience/akoflow/internal/application/services/provenance_graph_service/provenance_graph_service.go:89.31,94.4 4 1
github.com/UFFeScience/akoflow/internal/application/services/provenance_graph_service/provenance_graph_service.go:97.2,97.35 1 1
github.com/UFFeScience/akoflow/internal/application/services/provenance_graph_service/provenance_graph_service.go:97.35,99.20 2 1
github.com/UFFeScience/akoflow/internal/application/services/provenance_graph_service/provenance_graph_service.go:99.20,101.4 1 1
github.com/UFFeScience/akoflow/internal/application/services/provenance_graph_service/provenance_graph_service.go:102.3,104.34 2 1
github.com/UFFeScience/akoflow/internal/application/services/provenance_graph_service/provenance_graph_service.go:104.34,107.4 2 1
github.com/UFFeScience/akoflow/internal/application/services/provenance_graph_service/provenance_graph_service.go:109.3,115.34 5 1
github.com/UFFeScience/akoflow/internal/application/services/provenance_graph_service/provenance_graph_service.go:115.34,116.16 1 1
github.com/UFFeScience/akoflow/internal/application/services/provenance_graph_service/provenance_graph_service.go:116.16,117.13 1 1
github.com/UFFeScience/akoflow/internal/application/services/provenance_graph_service/provenance_graph_service.go:119.4,119.33 1 1
github.com/UFFeScience/akoflow/internal/application/services/provenance_graph_service/provenance_graph_service.go:123.3,123.34 1 1
github.com/UFFeScience/akoflow/internal/application/services/provenance_graph_service/provenance_graph_service.go:123.34,124.16 1 1
github.com/UFFeScience/akoflow/internal/application/services/provenance_graph_service/provenance_graph_service.go:124.16,125.13 1 1
github.com/UFFeScience/akoflow/internal/application/services/provenance_graph_service/provenance_graph_service.go:127.4,129.43 3 1
github.com/UFFeScience/akoflow/internal/application/services/provenance_graph_service/provenance_graph_service.go:133.3,133.30 1 1
github.com/UFFeScience/akoflow/internal/application/services/provenance_graph_service/provenance_graph_service.go:133.30,134.16 1 1
github.com/UFFeScience/akoflow/internal/application/services/provenance_graph_service/provenance_graph_service.go:134.16,135.13 1 1
github.com/UFFeScience/akoflow/internal/application/services/provenance_graph_service/provenance_graph_service.go:137.4,138.23 2 1
github.com/UFFeScience/akoflow/internal/application/services/provenance_graph_service/provenance_graph_service.go:138.23,139.13 1 1
github.com/UFFeScience/akoflow/internal/application/services/provenance_graph_service/provenance_graph_service.go:141.4,143.53 3 1
github.com/UFFeScience/akoflow/internal/application/services/provenance_graph_service/provenance_graph_service.go:148.2,148.26 1 1
github.com/UFFeScience/akoflow/internal/application/services/provenance_graph_service/provenance_graph_service.go:148.26,149.51 1 1
github.com/UFFeScience/akoflow/internal/application/services/provenance_graph_service/provenance_graph_service.go:149.51,151.4 1 1
github.com/UFFeScience/akoflow/internal/application/services/provenance_graph_service/provenance_graph_service.go:154.2,154.58 1 1
github.com/UFFeScience/akoflow/internal/application/services/monitor_collect_metrics_service/monitor_collect_metrics_service.go:32.42,35.154 3 1
github.com/UFFeScience/akoflow/internal/application/services/monitor_collect_metrics_service/monitor_collect_metrics_service.go:35.154,35.196 1 0
github.com/UFFeScience/akoflow/internal/application/services/monitor_collect_metrics_service/monitor_collect_metrics_service.go:38.146,40.2 1 1
github.com/UFFeScience/akoflow/internal/application/services/monitor_collect_metrics_service/monitor_collect_metrics_service.go:42.63,44.16 2 1
github.com/UFFeScience/akoflow/internal/application/services/monitor_collect_metrics_service/monitor_collect_metrics_service.go:44.16,46.3 1 1
github.com/UFFeScience/akoflow/internal/application/services/monitor_collect_metrics_service/monitor_collect_metrics_service.go:48.2,48.32 1 1
github.com/UFFeScience/akoflow/internal/application/services/monitor_collect_metrics_service/monitor_collect_metrics_service.go:48.32,49.62 1 1
github.com/UFFeScience/akoflow/internal/application/services/monitor_collect_metrics_service/monitor_collect_metrics_service.go:49.62,51.4 1 1
github.com/UFFeScience/akoflow/internal/application/services/monitor_collect_metrics_service/monitor_collect_metrics_service.go:53.2,53.12 1 1
github.com/UFFeScience/akoflow/internal/application/services/monitor_collect_metrics_service/monitor_collect_metrics_service.go:56.106,62.31 4 1
github.com/UFFeScience/akoflow/internal/application/services/monitor_collect_metrics_service/monitor_collect_metrics_service.go:62.31,64.28 2 1
github.com/UFFeScience/akoflow/internal/application/services/monitor_collect_metrics_service/monitor_collect_metrics_service.go:64.28,66.4 1 1
github.com/UFFeScience/akoflow/internal/application/services/monitor_collect_metrics_service/monitor_collect_metrics_service.go:67.3,68.41 2 1
github.com/UFFeScience/akoflow/internal/application/services/monitor_collect_metrics_service/monitor_collect_metrics_service.go:70.2,70.12 1 1
github.com/UFFeScience/akoflow/internal/application/services/monitor_change_workflow_service/monitor_change_workflow_service.go:38.42,47.59 3 1
github.com/UFFeScience/akoflow/internal/application/services/monitor_change_workflow_service/monitor_change_workflow_service.go:47.59,49.4 1 1
github.com/UFFeScience/akoflow/internal/application/services/monitor_change_workflow_service/monitor_change_workflow_service.go:53.198,60.2 1 1
github.com/UFFeScience/akoflow/internal/application/services/monitor_change_workflow_service/monitor_change_workflow_service.go:62.70,64.16 2 1
github.com/UFFeScience/akoflow/internal/application/services/monitor_change_workflow_service/monitor_change_workflow_service.go:64.16,66.3 1 1
github.com/UFFeScience/akoflow/internal/application/services/monitor_change_workflow_service/monitor_change_workflow_service.go:67.2,67.70 1 1
github.com/UFFeScience/akoflow/internal/application/services/monitor_change_workflow_service/monitor_change_workflow_service.go:67.70,69.3 1 1
github.com/UFFeScience/akoflow/internal/application/services/monitor_change_workflow_service/monitor_change_workflow_service.go:70.2,70.53 1 1
github.com/UFFeScience/akoflow/internal/application/services/monitor_change_workflow_service/monitor_change_workflow_service.go:73.109,75.25 1 1
github.com/UFFeScience/akoflow/internal/application/services/monitor_change_workflow_service/monitor_change_workflow_service.go:75.25,77.48 2 1
github.com/UFFeScience/akoflow/internal/application/services/monitor_change_workflow_service/monitor_change_workflow_service.go:77.48,79.22 2 1
github.com/UFFeScience/akoflow/internal/application/services/monitor_change_workflow_service/monitor_change_workflow_service.go:79.22,81.5 1 1
github.com/UFFeScience/akoflow/internal/application/services/monitor_change_workflow_service/monitor_change_workflow_service.go:82.4,82.43 1 1
github.com/UFFeScience/akoflow/internal/application/services/monitor_change_workflow_service/monitor_change_workflow_service.go:85.2,85.12 1 1
github.com/UFFeScience/akoflow/internal/application/services/monitor_change_workflow_service/monitor_change_workflow_service.go:88.110,89.25 1 1
github.com/UFFeScience/akoflow/internal/application/services/monitor_change_workflow_service/monitor_change_workflow_service.go:89.25,93.51 3 1
github.com/UFFeScience/akoflow/internal/application/services/monitor_change_workflow_service/monitor_change_workflow_service.go:93.51,95.97 2 1
github.com/UFFeScience/akoflow/internal/application/services/monitor_change_workflow_service/monitor_change_workflow_service.go:95.97,97.5 1 1
github.com/UFFeScience/akoflow/internal/application/services/monitor_change_workflow_service/monitor_change_workflow_service.go:100.2,100.12 1 1
github.com/UFFeScience/akoflow/internal/application/services/orchestrate_workflow_service/orchestrate_workflow_service.go:34.39,44.184 3 1
github.com/UFFeScience/akoflow/internal/application/services/orchestrate_workflow_service/orchestrate_workflow_service.go:44.184,46.3 1 1
github.com/UFFeScience/akoflow/internal/application/services/orchestrate_workflow_service/orchestrate_workflow_service.go:47.2,47.16 1 1
github.com/UFFeScience/akoflow/internal/application/services/orchestrate_workflow_service/orchestrate_workflow_service.go:50.182,58.2 1 1
github.com/UFFeScience/akoflow/internal/application/services/orchestrate_workflow_service/orchestrate_workflow_service.go:60.156,63.2 2 1
github.com/UFFeScience/akoflow/internal/application/services/orchestrate_workflow_service/orchestrate_workflow_service.go:65.112,66.38 1 1
github.com/UFFeScience/akoflow/internal/application/services/orchestrate_workflow_service/orchestrate_workflow_service.go:66.38,69.3 2 1
github.com/UFFeScience/akoflow/internal/application/services/orchestrate_workflow_service/orchestrate_workflow_service.go:72.90,73.46 1 1
github.com/UFFeScience/akoflow/internal/application/services/orchestrate_workflow_service/orchestrate_workflow_service.go:73.46,74.53 1 1
github.com/UFFeScience/akoflow/internal/application/services/orchestrate_workflow_service/orchestrate_workflow_service.go:74.53,76.4 1 1
github.com/UFFeScience/akoflow/internal/application/services/orchestrate_workflow_service/orchestrate_workflow_service.go:79.2,79.14 1 1
github.com/UFFeScience/akoflow/internal/application/services/orchestrate_workflow_service/orchestrate_workflow_service.go:82.135,83.30 1 1
github.com/UFFeScience/akoflow/internal/application/services/orchestrate_workflow_service/orchestrate_workflow_service.go:83.30,86.3 2 1
github.com/UFFeScience/akoflow/internal/application/services/orchestrate_workflow_service/orchestrate_workflow_service.go:88.2,100.42 9 1
github.com/UFFeScience/akoflow/internal/application/services/orchestrate_workflow_service/orchestrate_workflow_service.go:100.42,102.3 1 1
github.com/UFFeScience/akoflow/internal/application/services/orchestrate_workflow_service/orchestrate_workflow_service.go:104.2,104.20 1 1
github.com/UFFeScience/akoflow/internal/application/services/orchestrate_workflow_service/orchestrate_workflow_service.go:108.187,112.16 2 1
github.com/UFFeScience/akoflow/internal/application/services/orchestrate_workflow_service/orchestrate_workflow_service.go:112.16,115.3 2 1
github.com/UFFeScience/akoflow/internal/application/services/orchestrate_workflow_service/orchestrate_workflow_service.go:117.2,117.24 1 1
github.com/UFFeScience/akoflow/internal/application/services/orchestrate_workflow_service/orchestrate_workflow_service.go:120.210,123.39 2 1
github.com/UFFeScience/akoflow/internal/application/services/orchestrate_workflow_service/orchestrate_workflow_service.go:123.39,124.54 1 1
github.com/UFFeScience/akoflow/internal/application/services/orchestrate_workflow_service/orchestrate_workflow_service.go:124.54,125.25 1 1
github.com/UFFeScience/akoflow/internal/application/services/orchestrate_workflow_service/orchestrate_workflow_service.go:125.25,127.5 1 1
github.com/UFFeScience/akoflow/internal/application/services/orchestrate_workflow_service/orchestrate_workflow_service.go:131.2,131.21 1 1
github.com/UFFeScience/akoflow/internal/application/services/orchestrate_workflow_service/orchestrate_workflow_service.go:134.180,135.36 1 1
github.com/UFFeScience/akoflow/internal/application/services/orchestrate_workflow_service/orchestrate_workflow_service.go:135.36,137.3 1 1
github.com/UFFeScience/akoflow/internal/application/services/orchestrate_workflow_service/orchestrate_workflow_service.go:139.2,141.43 2 1
github.com/UFFeScience/akoflow/internal/application/services/orchestrate_workflow_service/orchestrate_workflow_service.go:141.43,142.49 1 1
github.com/UFFeScience/akoflow/internal/application/services/orchestrate_workflow_service/orchestrate_workflow_service.go:142.49,143.36 1 1
github.com/UFFeScience/akoflow/internal/application/services/orchestrate_workflow_service/orchestrate_workflow_service.go:143.36,145.5 1 1
github.com/UFFeScience/akoflow/internal/application/services/orchestrate_workflow_service/orchestrate_workflow_service.go:149.2,149.59 1 1
github.com/UFFeScience/akoflow/internal/application/services/orchestrate_workflow_service/orchestrate_workflow_service.go:152.146,155.31 2 1
github.com/UFFeScience/akoflow/internal/application/services/orchestrate_workflow_service/orchestrate_workflow_service.go:155.31,157.3 1 1
github.com/UFFeScience/akoflow/internal/application/services/orchestrate_workflow_service/orchestrate_workflow_service.go:159.2,159.17 1 1
github.com/UFFeScience/akoflow/internal/application/services/orchestrate_workflow_service/orchestrate_workflow_service.go:162.141,164.2 1 1
github.com/UFFeScience/akoflow/internal/application/services/orchestrate_schedule_service/orchestrate_schedule_service.go:40.64,42.2 1 1
github.com/UFFeScience/akoflow/internal/application/services/orchestrate_schedule_service/orchestrate_schedule_service.go:44.39,57.2 3 1
github.com/UFFeScience/akoflow/internal/application/services/orchestrate_schedule_service/orchestrate_schedule_service.go:59.268,68.2 1 1
github.com/UFFeScience/akoflow/internal/application/services/orchestrate_schedule_service/orchestrate_schedule_service.go:70.113,73.2 2 1
github.com/UFFeScience/akoflow/internal/application/services/orchestrate_schedule_service/orchestrate_schedule_service.go:75.148,78.2 2 1
github.com/UFFeScience/akoflow/internal/application/services/orchestrate_schedule_service/orchestrate_schedule_service.go:82.107,88.16 3 1
github.com/UFFeScience/akoflow/internal/application/services/orchestrate_schedule_service/orchestrate_schedule_service.go:88.16,92.3 2 1
github.com/UFFeScience/akoflow/internal/application/services/orchestrate_schedule_service/orchestrate_schedule_service.go:94.2,98.50 3 1
github.com/UFFeScience/akoflow/internal/application/services/orchestrate_schedule_service/orchestrate_schedule_service.go:98.50,102.17 3 1
github.com/UFFeScience/akoflow/internal/application/services/orchestrate_schedule_service/orchestrate_schedule_service.go:102.17,105.4 2 1
github.com/UFFeScience/akoflow/internal/application/services/orchestrate_schedule_service/orchestrate_schedule_service.go:106.3,106.25 1 1
github.com/UFFeScience/akoflow/internal/application/services/orchestrate_schedule_service/orchestrate_schedule_service.go:106.25,107.12 1 1
github.com/UFFeScience/akoflow/internal/application/services/orchestrate_schedule_service/orchestrate_schedule_service.go:110.3,111.17 2 1
github.com/UFFeScience/akoflow/internal/application/services/orchestrate_schedule_service/orchestrate_schedule_service.go:111.17,114.4 2 1
github.com/UFFeScience/akoflow/internal/application/services/orchestrate_schedule_service/orchestrate_schedule_service.go:115.3,115.38 1 1
github.com/UFFeScience/akoflow/internal/application/services/orchestrate_schedule_service/orchestrate_schedule_service.go:115.38,119.18 2 1
github.com/UFFeScience/akoflow/internal/application/services/orchestrate_schedule_service/orchestrate_schedule_service.go:119.18,122.5 2 1
github.com/UFFeScience/akoflow/internal/application/services/orchestrate_schedule_service/orchestrate_schedule_service.go:124.4,137.18 3 1
github.com/UFFeScience/akoflow/internal/application/services/orchestrate_schedule_service/orchestrate_schedule_service.go:137.18,139.5 1 1
github.com/UFFeScience/akoflow/internal/application/services/orchestrate_schedule_service/orchestrate_schedule_service.go:140.4,145.6 1 1
github.com/UFFeScience/akoflow/internal/application/services/orchestrate_schedule_service/orchestrate_schedule_service.go:149.3,151.22 2 1
github.com/UFFeScience/akoflow/internal/application/services/orchestrate_schedule_service/orchestrate_schedule_service.go:151.22,153.12 2 1
github.com/UFFeScience/akoflow/internal/application/services/orchestrate_schedule_service/orchestrate_schedule_service.go:156.3,156.43 1 1
github.com/UFFeScience/akoflow/internal/application/services/orchestrate_schedule_service/orchestrate_schedule_service.go:156.43,158.12 2 1
github.com/UFFeScience/akoflow/internal/application/services/orchestrate_schedule_service/orchestrate_schedule_service.go:161.3,181.17 4 1
github.com/UFFeScience/akoflow/internal/application/services/orchestrate_schedule_service/orchestrate_schedule_service.go:181.17,183.4 1 1
github.com/UFFeScience/akoflow/internal/application/services/orchestrate_schedule_service/orchestrate_schedule_service.go:185.3,185.70 1 1
github.com/UFFeScience/akoflow/internal/application/services/orchestrate_schedule_service/orchestrate_schedule_service.go:188.2,188.37 1 1
github.com/UFFeScience/akoflow/internal/application/services/orchestrate_schedule_service/orchestrate_schedule_service.go:192.106,193.24 1 1
github.com/UFFeScience/akoflow/internal/application/services/orchestrate_schedule_service/orchestrate_schedule_service.go:193.24,195.3 1 1
github.com/UFFeScience/akoflow/internal/application/services/orchestrate_schedule_service/orchestrate_schedule_service.go:196.2,198.31 2 1
github.com/UFFeScience/akoflow/internal/application/services/orchestrate_schedule_service/orchestrate_schedule_service.go:198.31,199.67 1 1
github.com/UFFeScience/akoflow/internal/application/services/orchestrate_schedule_service/orchestrate_schedule_service.go:199.67,201.4 1 1
github.com/UFFeScience/akoflow/internal/application/services/orchestrate_schedule_service/orchestrate_schedule_service.go:204.2,204.17 1 1
github.com/UFFeScience/akoflow/internal/application/services/orchestrate_schedule_service/orchestrate_schedule_service.go:207.115,213.16 2 1
github.com/UFFeScience/akoflow/internal/application/services/orchestrate_schedule_service/orchestrate_schedule_service.go:213.16,216.3 2 1
github.com/UFFeScience/akoflow/internal/application/services/orchestrate_schedule_service/orchestrate_schedule_service.go:218.2,222.16 3 1
github.com/UFFeScience/akoflow/internal/application/services/orchestrate_schedule_service/orchestrate_schedule_service.go:222.16,225.3 2 1
github.com/UFFeScience/akoflow/internal/application/services/orchestrate_schedule_service/orchestrate_schedule_service.go:227.2,228.16 2 1
github.com/UFFeScience/akoflow/internal/application/services/orchestrate_schedule_service/orchestrate_schedule_service.go:228.16,231.3 2 1
github.com/UFFeScience/akoflow/internal/application/services/orchestrate_schedule_service/orchestrate_schedule_service.go:233.2,235.9 2 1
github.com/UFFeScience/akoflow/internal/application/services/orchestrate_schedule_service/orchestrate_schedule_service.go:235.9,238.3 2 1
github.com/UFFeScience/akoflow/internal/application/services/orchestrate_schedule_service/orchestrate_schedule_service.go:240.2,242.20 2 1
github.com/UFFeScience/akoflow/internal/application/services/resource_current_metrics_service/resource_current_metrics_service.go:19.39,19.73 1 1
github.com/UFFeScience/akoflow/internal/application/services/resource_current_metrics_service/resource_current_metrics_service.go:20.39,20.79 1 1
github.com/UFFeScience/akoflow/internal/application/services/resource_current_metrics_service/resource_current_metrics_service.go:27.20,29.2 1 1
github.com/UFFeScience/akoflow/internal/application/services/resource_current_metrics_service/resource_current_metrics_service.go:31.114,33.35 2 1
github.com/UFFeScience/akoflow/internal/application/services/resource_current_metrics_service/resource_current_metrics_service.go:33.35,35.3 1 1
github.com/UFFeScience/akoflow/internal/application/services/resource_current_metrics_service/resource_current_metrics_service.go:36.2,38.16 3 1
github.com/UFFeScience/akoflow/internal/application/services/resource_current_metrics_service/resource_current_metrics_service.go:38.16,40.3 1 1
github.com/UFFeScience/akoflow/internal/application/services/resource_current_metrics_service/resource_current_metrics_service.go:41.2,42.16 2 1
github.com/UFFeScience/akoflow/internal/application/services/resource_current_metrics_service/resource_current_metrics_service.go:42.16,44.3 1 1
github.com/UFFeScience/akoflow/internal/application/services/resource_current_metrics_service/resource_current_metrics_service.go:45.2,46.35 2 1
github.com/UFFeScience/akoflow/internal/application/services/resource_current_metrics_service/resource_current_metrics_service.go:46.35,48.3 1 1
github.com/UFFeScience/akoflow/internal/application/services/resource_current_metrics_service/resource_current_metrics_service.go:49.2,49.35 1 1
github.com/UFFeScience/akoflow/internal/application/services/resource_current_metrics_service/resource_current_metrics_service.go:49.35,51.3 1 1
github.com/UFFeScience/akoflow/internal/application/services/resource_current_metrics_service/resource_current_metrics_service.go:52.2,52.37 1 1
github.com/UFFeScience/akoflow/internal/application/services/resource_current_metrics_service/resource_current_metrics_service.go:52.37,53.38 1 1
github.com/UFFeScience/akoflow/internal/application/services/resource_current_metrics_service/resource_current_metrics_service.go:53.38,56.4 2 1
github.com/UFFeScience/akoflow/internal/application/services/resource_current_metrics_service/resource_current_metrics_service.go:58.2,58.20 1 1
github.com/UFFeScience/akoflow/internal/application/utils/workflow_utils.go:11.57,13.31 2 1
github.com/UFFeScience/akoflow/internal/application/utils/workflow_utils.go:13.31,15.3 1 1
github.com/UFFeScience/akoflow/internal/application/utils/workflow_utils.go:16.2,16.12 1 1
github.com/UFFeScience/akoflow/internal/application/utils/workflow_utils.go:19.132,21.31 2 1
github.com/UFFeScience/akoflow/internal/application/utils/workflow_utils.go:21.31,22.36 1 1
github.com/UFFeScience/akoflow/internal/application/utils/workflow_utils.go:22.36,23.12 1 1
github.com/UFFeScience/akoflow/internal/application/utils/workflow_utils.go:25.3,26.52 2 1
github.com/UFFeScience/akoflow/internal/application/utils/workflow_utils.go:28.2,28.26 1 1
github.com/UFFeScience/akoflow/internal/application/utils/workflow_utils.go:31.126,32.41 1 1
github.com/UFFeScience/akoflow/internal/application/utils/workflow_utils.go:32.41,34.3 1 1
github.com/UFFeScience/akoflow/internal/application/utils/workflow_utils.go:35.2,36.17 2 1
github.com/UFFeScience/akoflow/internal/application/utils/workflow_utils.go:39.46,45.16 3 1
github.com/UFFeScience/akoflow/internal/application/utils/workflow_utils.go:45.16,48.3 1 1
github.com/UFFeScience/akoflow/internal/application/utils/workflow_utils.go:51.2,51.36 1 1
github.com/UFFeScience/akoflow/internal/cli/api/server_connector/server_connector_workflow/server_connector_workflow.go:18.22,22.2 1 1
github.com/UFFeScience/akoflow/internal/cli/api/server_connector/server_connector_workflow/server_connector_workflow.go:24.51,25.19 1 1
github.com/UFFeScience/akoflow/internal/cli/api/server_connector/server_connector_workflow/server_connector_workflow.go:25.19,27.3 1 1
github.com/UFFeScience/akoflow/internal/cli/api/server_connector/server_connector_workflow/server_connector_workflow.go:28.2,28.34 1 1
github.com/UFFeScience/akoflow/internal/cli/api/server_connector/server_connector_workflow/server_connector_workflow.go:40.85,48.16 4 1
github.com/UFFeScience/akoflow/internal/cli/api/server_connector/server_connector_workflow/server_connector_workflow.go:48.16,50.3 1 1
github.com/UFFeScience/akoflow/internal/cli/api/server_connector/server_connector_workflow/server_connector_workflow.go:52.2,55.16 3 1
github.com/UFFeScience/akoflow/internal/cli/api/server_connector/server_connector_workflow/server_connector_workflow.go:55.16,57.3 1 1
github.com/UFFeScience/akoflow/internal/cli/api/server_connector/server_connector_workflow/server_connector_workflow.go:58.2,59.86 2 1
github.com/UFFeScience/akoflow/internal/cli/api/server_connector/server_connector_workflow/server_connector_workflow.go:59.86,61.3 1 1
github.com/UFFeScience/akoflow/internal/cli/api/server_connector/server_connector_workflow/server_connector_workflow.go:63.2,64.67 2 1
github.com/UFFeScience/akoflow/internal/cli/api/server_connector/server_connector_workflow/server_connector_workflow.go:64.67,66.3 1 1
github.com/UFFeScience/akoflow/internal/cli/api/server_connector/server_connector_workflow/server_connector_workflow.go:67.2,67.12 1 1
github.com/UFFeScience/akoflow/internal/cli/api/server_connector/server_connector.go:14.29,16.2 1 1
github.com/UFFeScience/akoflow/internal/cli/api/server_connector/server_connector.go:18.74,20.2 1 1
github.com/UFFeScience/akoflow/internal/application/services/run_schedule_service/running_schedule_service.go:22.31,25.63 1 1
github.com/UFFeScience/akoflow/internal/application/services/run_schedule_service/running_schedule_service.go:25.63,25.91 1 0
github.com/UFFeScience/akoflow/internal/application/services/run_schedule_service/running_schedule_service.go:29.118,31.2 1 1
github.com/UFFeScience/akoflow/internal/application/services/run_schedule_service/running_schedule_service.go:33.111,39.16 2 1
github.com/UFFeScience/akoflow/internal/application/services/run_schedule_service/running_schedule_service.go:39.16,42.3 2 1
github.com/UFFeScience/akoflow/internal/application/services/run_schedule_service/running_schedule_service.go:44.2,48.16 3 1
github.com/UFFeScience/akoflow/internal/application/services/run_schedule_service/running_schedule_service.go:48.16,51.3 2 1
github.com/UFFeScience/akoflow/internal/application/services/run_schedule_service/running_schedule_service.go:53.2,54.16 2 1
github.com/UFFeScience/akoflow/internal/application/services/run_schedule_service/running_schedule_service.go:54.16,57.3 2 1
github.com/UFFeScience/akoflow/internal/application/services/run_schedule_service/running_schedule_service.go:59.2,61.9 2 1
github.com/UFFeScience/akoflow/internal/application/services/run_schedule_service/running_schedule_service.go:61.9,64.3 2 1
github.com/UFFeScience/akoflow/internal/application/services/run_schedule_service/running_schedule_service.go:75.2,77.20 2 1
github.com/UFFeScience/akoflow/internal/application/services/run_activity_in_cluster_service/run_activity_in_cluster_service.go:26.41,32.59 1 1
github.com/UFFeScience/akoflow/internal/application/services/run_activity_in_cluster_service/run_activity_in_cluster_service.go:32.59,34.4 1 1
github.com/UFFeScience/akoflow/internal/application/services/run_activity_in_cluster_service/run_activity_in_cluster_service.go:43.32,50.2 1 1
github.com/UFFeScience/akoflow/internal/application/services/run_activity_in_cluster_service/run_activity_in_cluster_service.go:52.65,55.16 2 1
github.com/UFFeScience/akoflow/internal/application/services/run_activity_in_cluster_service/run_activity_in_cluster_service.go:55.16,58.3 2 1
github.com/UFFeScience/akoflow/internal/application/services/run_activity_in_cluster_service/run_activity_in_cluster_service.go:60.2,61.16 2 1
github.com/UFFeScience/akoflow/internal/application/services/run_activity_in_cluster_service/run_activity_in_cluster_service.go:61.16,63.3 1 1
github.com/UFFeScience/akoflow/internal/application/services/run_activity_in_cluster_service/run_activity_in_cluster_service.go:65.2,66.47 2 1
github.com/UFFeScience/akoflow/internal/application/services/run_activity_in_cluster_service/run_activity_in_cluster_service.go:66.47,68.17 2 1
[...]
github.com/UFFeScience/akoflow/internal/infrastructure/kubernetes/runtime/kubernetes_runtime_service/make_k8s_job_service.go:42.47,55.2 1 1
github.com/UFFeScience/akoflow/internal/infrastructure/kubernetes/runtime/kubernetes_runtime_service/make_k8s_job_service.go:57.51,59.2 1 1
github.com/UFFeScience/akoflow/internal/infrastructure/kubernetes/runtime/kubernetes_runtime_service/make_k8s_job_service.go:61.46,63.2 1 1
github.com/UFFeScience/akoflow/internal/infrastructure/kubernetes/runtime/kubernetes_runtime_service/make_k8s_job_service.go:65.68,67.2 1 1
github.com/UFFeScience/akoflow/internal/infrastructure/kubernetes/runtime/kubernetes_runtime_service/make_k8s_job_service.go:70.69,73.2 2 1
github.com/UFFeScience/akoflow/internal/infrastructure/kubernetes/runtime/kubernetes_runtime_service/make_k8s_job_service.go:76.69,79.2 2 1
github.com/UFFeScience/akoflow/internal/infrastructure/kubernetes/runtime/kubernetes_runtime_service/make_k8s_job_service.go:82.68,85.2 2 1
github.com/UFFeScience/akoflow/internal/infrastructure/kubernetes/runtime/kubernetes_runtime_service/make_k8s_job_service.go:88.79,91.2 2 1
github.com/UFFeScience/akoflow/internal/infrastructure/kubernetes/runtime/kubernetes_runtime_service/make_k8s_job_service.go:94.95,98.2 3 1
github.com/UFFeScience/akoflow/internal/infrastructure/kubernetes/runtime/kubernetes_runtime_service/make_k8s_job_service.go:101.124,104.2 2 1
github.com/UFFeScience/akoflow/internal/infrastructure/kubernetes/runtime/kubernetes_runtime_service/make_k8s_job_service.go:107.78,110.2 2 1
github.com/UFFeScience/akoflow/internal/infrastructure/kubernetes/runtime/kubernetes_runtime_service/make_k8s_job_service.go:113.94,116.2 2 1
github.com/UFFeScience/akoflow/internal/infrastructure/kubernetes/runtime/kubernetes_runtime_service/make_k8s_job_service.go:119.93,121.2 1 1
github.com/UFFeScience/akoflow/internal/infrastructure/kubernetes/runtime/kubernetes_runtime_service/make_k8s_job_service.go:124.49,126.2 1 1
github.com/UFFeScience/akoflow/internal/infrastructure/kubernetes/runtime/kubernetes_runtime_service/make_k8s_job_service.go:129.57,131.2 1 1
github.com/UFFeScience/akoflow/internal/infrastructure/kubernetes/runtime/kubernetes_runtime_service/make_k8s_job_service.go:133.73,146.2 3 1
github.com/UFFeScience/akoflow/internal/infrastructure/kubernetes/runtime/kubernetes_runtime_service/monitor_get_logs_activity_service.go:24.72,34.2 1 0
github.com/UFFeScience/akoflow/internal/infrastructure/kubernetes/runtime/kubernetes_runtime_service/monitor_get_logs_activity_service.go:36.127,38.2 1 1
github.com/UFFeScience/akoflow/internal/infrastructure/kubernetes/runtime/kubernetes_runtime_service/monitor_get_logs_activity_service.go:40.143,46.16 4 1
github.com/UFFeScience/akoflow/internal/infrastructure/kubernetes/runtime/kubernetes_runtime_service/monitor_get_logs_activity_service.go:46.16,48.3 1 0
github.com/UFFeScience/akoflow/internal/infrastructure/kubernetes/runtime/kubernetes_runtime_service/monitor_get_logs_activity_service.go:50.2,51.16 2 1
github.com/UFFeScience/akoflow/internal/infrastructure/kubernetes/runtime/kubernetes_runtime_service/monitor_get_logs_activity_service.go:51.16,53.3 1 0
github.com/UFFeScience/akoflow/internal/infrastructure/kubernetes/runtime/kubernetes_runtime_service/monitor_get_logs_activity_service.go:55.2,56.16 2 1
github.com/UFFeScience/akoflow/internal/infrastructure/kubernetes/runtime/kubernetes_runtime_service/monitor_get_logs_activity_service.go:56.16,58.3 1 0
github.com/UFFeScience/akoflow/internal/infrastructure/kubernetes/runtime/kubernetes_runtime_service/monitor_get_logs_activity_service.go:60.2,60.48 1 1
github.com/UFFeScience/akoflow/internal/infrastructure/kubernetes/runtime/kubernetes_runtime_service/monitor_get_logs_activity_service.go:63.162,66.16 2 1
github.com/UFFeScience/akoflow/internal/infrastructure/kubernetes/runtime/kubernetes_runtime_service/monitor_get_logs_activity_service.go:66.16,68.3 1 0
github.com/UFFeScience/akoflow/internal/infrastructure/kubernetes/runtime/kubernetes_runtime_service/monitor_get_logs_activity_service.go:70.2,71.16 2 1
github.com/UFFeScience/akoflow/internal/infrastructure/kubernetes/runtime/kubernetes_runtime_service/monitor_get_logs_activity_service.go:71.16,73.3 1 0
github.com/UFFeScience/akoflow/internal/infrastructure/kubernetes/runtime/kubernetes_runtime_service/monitor_get_logs_activity_service.go:75.2,75.80 1 1
github.com/UFFeScience/akoflow/internal/infrastructure/kubernetes/runtime/kubernetes_runtime_service/monitor_get_metrics_activity_service.go:29.78,42.2 1 0
github.com/UFFeScience/akoflow/internal/infrastructure/kubernetes/runtime/kubernetes_runtime_service/monitor_get_metrics_activity_service.go:44.72,46.2 1 1
github.com/UFFeScience/akoflow/internal/infrastructure/kubernetes/runtime/kubernetes_runtime_service/monitor_get_metrics_activity_service.go:48.92,52.16 3 1
github.com/UFFeScience/akoflow/internal/infrastructure/kubernetes/runtime/kubernetes_runtime_service/monitor_get_metrics_activity_service.go:52.16,55.3 2 0
github.com/UFFeScience/akoflow/internal/infrastructure/kubernetes/runtime/kubernetes_runtime_service/monitor_get_metrics_activity_service.go:57.2,62.16 4 1
github.com/UFFeScience/akoflow/internal/infrastructure/kubernetes/runtime/kubernetes_runtime_service/monitor_get_metrics_activity_service.go:62.16,64.3 1 0
github.com/UFFeScience/akoflow/internal/infrastructure/kubernetes/runtime/kubernetes_runtime_service/monitor_get_metrics_activity_service.go:66.2,67.16 2 1
github.com/UFFeScience/akoflow/internal/infrastructure/kubernetes/runtime/kubernetes_runtime_service/monitor_get_metrics_activity_service.go:67.16,69.3 1 0
github.com/UFFeScience/akoflow/internal/infrastructure/kubernetes/runtime/kubernetes_runtime_service/monitor_get_metrics_activity_service.go:71.2,72.16 2 1
github.com/UFFeScience/akoflow/internal/infrastructure/kubernetes/runtime/kubernetes_runtime_service/monitor_get_metrics_activity_service.go:72.16,74.3 1 0
github.com/UFFeScience/akoflow/internal/infrastructure/kubernetes/runtime/kubernetes_runtime_service/monitor_get_metrics_activity_service.go:76.2,76.47 1 1
github.com/UFFeScience/akoflow/internal/infrastructure/kubernetes/runtime/kubernetes_runtime_service/monitor_get_metrics_activity_service.go:79.163,82.16 2 1
github.com/UFFeScience/akoflow/internal/infrastructure/kubernetes/runtime/kubernetes_runtime_service/monitor_get_metrics_activity_service.go:82.16,84.3 1 0
github.com/UFFeScience/akoflow/internal/infrastructure/kubernetes/runtime/kubernetes_runtime_service/monitor_get_metrics_activity_service.go:86.2,87.16 2 1
github.com/UFFeScience/akoflow/internal/infrastructure/kubernetes/runtime/kubernetes_runtime_service/monitor_get_metrics_activity_service.go:87.16,89.3 1 0
github.com/UFFeScience/akoflow/internal/infrastructure/kubernetes/runtime/kubernetes_runtime_service/monitor_get_metrics_activity_service.go:91.2,102.16 4 1
github.com/UFFeScience/akoflow/internal/infrastructure/kubernetes/runtime/kubernetes_runtime_service/monitor_get_metrics_activity_service.go:102.16,104.3 1 0
github.com/UFFeScience/akoflow/internal/infrastructure/kubernetes/runtime/kubernetes_runtime_service/monitor_get_metrics_activity_service.go:106.2,107.49 2 1
github.com/UFFeScience/akoflow/internal/infrastructure/kubernetes/runtime/kubernetes_runtime_service/monitor_get_metrics_activity_service.go:107.49,110.36 2 1
github.com/UFFeScience/akoflow/internal/infrastructure/kubernetes/runtime/kubernetes_runtime_service/monitor_get_metrics_activity_service.go:110.36,111.12 1 0
github.com/UFFeScience/akoflow/internal/infrastructure/kubernetes/runtime/kubernetes_runtime_service/monitor_get_metrics_activity_service.go:113.3,117.5 1 1
github.com/UFFeScience/akoflow/internal/infrastructure/kubernetes/runtime/kubernetes_runtime_service/monitor_verify_activity_was_finished_service.go:29.120,32.2 2 1
github.com/UFFeScience/akoflow/internal/infrastructure/kubernetes/runtime/kubernetes_runtime_service/monitor_verify_activity_was_finished_service.go:34.127,37.2 2 1
github.com/UFFeScience/akoflow/internal/infrastructure/kubernetes/runtime/kubernetes_runtime_service/monitor_verify_activity_was_finished_service.go:39.92,49.2 1 0
github.com/UFFeScience/akoflow/internal/infrastructure/kubernetes/runtime/kubernetes_runtime_service/monitor_verify_activity_was_finished_service.go:51.97,52.46 1 1
github.com/UFFeScience/akoflow/internal/infrastructure/kubernetes/runtime/kubernetes_runtime_service/monitor_verify_activity_was_finished_service.go:52.46,53.89 1 1
github.com/UFFeScience/akoflow/internal/infrastructure/kubernetes/runtime/kubernetes_runtime_service/monitor_verify_activity_was_finished_service.go:53.89,55.4 1 0
github.com/UFFeScience/akoflow/internal/infrastructure/kubernetes/runtime/kubernetes_runtime_service/monitor_verify_activity_was_finished_service.go:58.2,58.46 1 1
github.com/UFFeScience/akoflow/internal/infrastructure/kubernetes/runtime/kubernetes_runtime_service/monitor_verify_activity_was_finished_service.go:58.46,60.3 1 1
github.com/UFFeScience/akoflow/internal/infrastructure/kubernetes/runtime/kubernetes_runtime_service/monitor_verify_activity_was_finished_service.go:63.173,68.16 3 1
github.com/UFFeScience/akoflow/internal/infrastructure/kubernetes/runtime/kubernetes_runtime_service/monitor_verify_activity_was_finished_service.go:68.16,70.3 1 1
github.com/UFFeScience/akoflow/internal/infrastructure/kubernetes/runtime/kubernetes_runtime_service/monitor_verify_activity_was_finished_service.go:72.2,74.54 2 1
github.com/UFFeScience/akoflow/internal/infrastructure/kubernetes/runtime/kubernetes_runtime_service/monitor_verify_activity_was_finished_service.go:74.54,81.3 4 1
github.com/UFFeScience/akoflow/internal/infrastructure/kubernetes/runtime/kubernetes_runtime_service/monitor_verify_activity_was_finished_service.go:82.2,82.16 1 1
github.com/UFFeScience/akoflow/internal/infrastructure/kubernetes/runtime/kubernetes_runtime_service/monitor_verify_activity_was_finished_service.go:82.16,85.3 2 1
github.com/UFFeScience/akoflow/internal/infrastructure/kubernetes/runtime/kubernetes_runtime_service/monitor_verify_activity_was_finished_service.go:87.2,87.36 1 1
github.com/UFFeScience/akoflow/internal/infrastructure/kubernetes/runtime/kubernetes_runtime_service/monitor_verify_activity_was_finished_service.go:87.36,89.3 1 1
github.com/UFFeScience/akoflow/internal/infrastructure/kubernetes/runtime/kubernetes_runtime_service/monitor_verify_activity_was_finished_service.go:91.2,91.39 1 1
github.com/UFFeScience/akoflow/internal/infrastructure/kubernetes/runtime/kubernetes_runtime_service/monitor_verify_activity_was_finished_service.go:91.39,95.3 3 1
github.com/UFFeScience/akoflow/internal/infrastructure/kubernetes/runtime/kubernetes_runtime_service/monitor_verify_activity_was_finished_service.go:97.2,97.37 1 1
github.com/UFFeScience/akoflow/internal/infrastructure/kubernetes/runtime/kubernetes_runtime_service/monitor_verify_activity_was_finished_service.go:97.37,102.3 4 1
github.com/UFFeScience/akoflow/internal/infrastructure/kubernetes/runtime/kubernetes_runtime_service/monitor_verify_activity_was_finished_service.go:106.2,106.36 1 1
github.com/UFFeScience/akoflow/internal/infrastructure/kubernetes/runtime/kubernetes_runtime_service/monitor_verify_activity_was_finished_service.go:106.36,114.3 6 1
github.com/UFFeScience/akoflow/internal/infrastructure/kubernetes/runtime/kubernetes_runtime_service/monitor_verify_activity_was_finished_service.go:116.2,116.43 1 0
github.com/UFFeScience/akoflow/internal/infrastructure/kubernetes/runtime/kubernetes_runtime_service/monitor_verify_activity_was_finished_service.go:120.170,127.62 4 1
github.com/UFFeScience/akoflow/internal/infrastructure/kubernetes/runtime/kubernetes_runtime_service/monitor_verify_activity_was_finished_service.go:127.62,129.3 1 1
github.com/UFFeScience/akoflow/internal/infrastructure/kubernetes/runtime/kubernetes_runtime_service/monitor_verify_activity_was_finished_service.go:131.2,131.61 1 1
github.com/UFFeScience/akoflow/internal/infrastructure/kubernetes/runtime/kubernetes_runtime_service/monitor_verify_activity_was_finished_service.go:131.61,133.3 1 1
github.com/UFFeScience/akoflow/internal/infrastructure/kubernetes/runtime/kubernetes_runtime_service/monitor_verify_activity_was_finished_service.go:135.2,136.34 2 1
github.com/UFFeScience/akoflow/internal/infrastructure/kubernetes/runtime/kubernetes_runtime_service/monitor_verify_activity_was_finished_service.go:136.34,138.3 1 1
github.com/UFFeScience/akoflow/internal/infrastructure/kubernetes/runtime/kubernetes_runtime_service/monitor_verify_activity_was_finished_service.go:139.2,139.40 1 1
github.com/UFFeScience/akoflow/internal/infrastructure/kubernetes/runtime/kubernetes_runtime_service/monitor_verify_activity_was_finished_service.go:139.40,141.3 1 1
github.com/UFFeScience/akoflow/internal/infrastructure/kubernetes/runtime/kubernetes_runtime_service/monitor_verify_activity_was_finished_service.go:143.2,145.36 2 1
github.com/UFFeScience/akoflow/internal/infrastructure/kubernetes/runtime/kubernetes_runtime_service/monitor_verify_activity_was_finished_service.go:145.36,147.3 1 1
github.com/UFFeScience/akoflow/internal/infrastructure/kubernetes/runtime/kubernetes_runtime_service/monitor_verify_activity_was_finished_service.go:149.2,149.39 1 1
github.com/UFFeScience/akoflow/internal/infrastructure/kubernetes/runtime/kubernetes_runtime_service/monitor_verify_activity_was_finished_service.go:149.39,153.3 3 1
github.com/UFFeScience/akoflow/internal/infrastructure/kubernetes/runtime/kubernetes_runtime_service/monitor_verify_activity_was_finished_service.go:155.2,155.37 1 1
github.com/UFFeScience/akoflow/internal/infrastructure/kubernetes/runtime/kubernetes_runtime_service/monitor_verify_activity_was_finished_service.go:155.37,159.3 3 1
github.com/UFFeScience/akoflow/internal/infrastructure/kubernetes/runtime/kubernetes_runtime_service/monitor_verify_activity_was_finished_service.go:163.2,163.36 1 1
github.com/UFFeScience/akoflow/internal/infrastructure/kubernetes/runtime/kubernetes_runtime_service/monitor_verify_activity_was_finished_service.go:163.36,169.3 4 1
github.com/UFFeScience/akoflow/internal/infrastructure/kubernetes/runtime/kubernetes_runtime_service/monitor_verify_activity_was_finished_service.go:171.2,171.43 1 0
github.com/UFFeScience/akoflow/internal/infrastructure/kubernetes/runtime/kubernetes_runtime_service/monitor_verify_activity_was_finished_service.go:175.152,178.16 2 1
github.com/UFFeScience/akoflow/internal/infrastructure/kubernetes/runtime/kubernetes_runtime_service/monitor_verify_activity_was_finished_service.go:178.16,181.3 2 0
github.com/UFFeScience/akoflow/internal/infrastructure/kubernetes/runtime/kubernetes_runtime_service/monitor_verify_activity_was_finished_service.go:183.2,188.85 4 1
github.com/UFFeScience/akoflow/internal/infrastructure/kubernetes/runtime/kubernetes_runtime_service/run_preactivity_service.go:26.55,38.2 1 0
github.com/UFFeScience/akoflow/internal/infrastructure/kubernetes/runtime/kubernetes_runtime_service/run_preactivity_service.go:40.82,45.28 3 0
github.com/UFFeScience/akoflow/internal/infrastructure/kubernetes/runtime/kubernetes_runtime_service/run_preactivity_service.go:45.28,47.3 1 0
github.com/UFFeScience/akoflow/internal/infrastructure/kubernetes/runtime/kubernetes_runtime_service/run_preactivity_service.go:49.2,51.16 2 0
github.com/UFFeScience/akoflow/internal/infrastructure/kubernetes/runtime/kubernetes_runtime_service/run_preactivity_service.go:51.16,53.3 1 0
github.com/UFFeScience/akoflow/internal/infrastructure/kubernetes/runtime/kubernetes_runtime_service/run_preactivity_service.go:55.2,55.63 1 0
github.com/UFFeScience/akoflow/internal/infrastructure/kubernetes/runtime/kubernetes_runtime_service/run_preactivity_service.go:55.63,57.3 1 0
github.com/UFFeScience/akoflow/internal/infrastructure/kubernetes/runtime/kubernetes_runtime_service/run_preactivity_service.go:59.2,59.64 1 0
github.com/UFFeScience/akoflow/internal/infrastructure/kubernetes/runtime/kubernetes_runtime_service/run_preactivity_service.go:59.64,61.3 1 0
github.com/UFFeScience/akoflow/internal/infrastructure/kubernetes/runtime/kubernetes_runtime_service/run_preactivity_service.go:63.2,65.19 2 0
github.com/UFFeScience/akoflow/internal/infrastructure/kubernetes/runtime/kubernetes_runtime_service/run_preactivity_service.go:68.197,73.16 3 0
github.com/UFFeScience/akoflow/internal/infrastructure/kubernetes/runtime/kubernetes_runtime_service/run_preactivity_service.go:73.16,77.3 2 0
github.com/UFFeScience/akoflow/internal/infrastructure/kubernetes/runtime/kubernetes_runtime_service/run_preactivity_service.go:79.2,94.73 7 0
github.com/UFFeScience/akoflow/internal/infrastructure/kubernetes/runtime/kubernetes_runtime_service/worker_run_activity_distributed_service.go:21.120,24.2 2 0
github.com/UFFeScience/akoflow/internal/infrastructure/kubernetes/runtime/kubernetes_runtime_service/worker_run_activity_distributed_service.go:26.155,29.2 2 0
github.com/UFFeScience/akoflow/internal/infrastructure/kubernetes/runtime/kubernetes_runtime_service/worker_run_activity_distributed_service.go:31.86,33.2 1 0
github.com/UFFeScience/akoflow/internal/infrastructure/kubernetes/runtime/kubernetes_runtime_service/worker_run_activity_distributed_service.go:35.113,37.2 1 0
github.com/UFFeScience/akoflow/internal/infrastructure/kubernetes/runtime/kubernetes_runtime_service/worker_run_activity_distributed_service.go:39.84,46.2 1 0
github.com/UFFeScience/akoflow/internal/infrastructure/kubernetes/runtime/kubernetes_runtime_service/worker_run_activity_distributed_service.go:48.77,51.2 2 0
github.com/UFFeScience/akoflow/internal/infrastructure/kubernetes/runtime/kubernetes_runtime_service/worker_run_activity_distributed_service.go:53.91,62.45 4 0
github.com/UFFeScience/akoflow/internal/infrastructure/kubernetes/runtime/kubernetes_runtime_service/worker_run_activity_distributed_service.go:62.45,64.3 1 0
github.com/UFFeScience/akoflow/internal/infrastructure/kubernetes/runtime/kubernetes_runtime_service/worker_run_activity_distributed_service.go:66.2,66.36 1 0
github.com/UFFeScience/akoflow/internal/infrastructure/kubernetes/runtime/kubernetes_runtime_service/worker_run_activity_service.go:19.68,25.2 2 0
github.com/UFFeScience/akoflow/internal/infrastructure/kubernetes/runtime/kubernetes_runtime_service/worker_run_activity_standalone_service.go:22.119,25.2 2 0
github.com/UFFeScience/akoflow/internal/infrastructure/kubernetes/runtime/kubernetes_runtime_service/worker_run_activity_standalone_service.go:27.154,30.2 2 0
github.com/UFFeScience/akoflow/internal/infrastructure/kubernetes/runtime/kubernetes_runtime_service/worker_run_activity_standalone_service.go:32.85,35.2 1 0
github.com/UFFeScience/akoflow/internal/infrastructure/kubernetes/runtime/kubernetes_runtime_service/worker_run_activity_standalone_service.go:37.112,39.2 1 0
github.com/UFFeScience/akoflow/internal/infrastructure/kubernetes/runtime/kubernetes_runtime_service/worker_run_activity_standalone_service.go:41.82,49.2 1 0
github.com/UFFeScience/akoflow/internal/infrastructure/kubernetes/runtime/kubernetes_runtime_service/worker_run_activity_standalone_service.go:51.76,54.2 2 0
github.com/UFFeScience/akoflow/internal/infrastructure/kubernetes/runtime/kubernetes_runtime_service/worker_run_activity_standalone_service.go:56.90,62.42 4 0
github.com/UFFeScience/akoflow/internal/infrastructure/kubernetes/runtime/kubernetes_runtime_service/worker_run_activity_standalone_service.go:62.42,65.3 2 0
github.com/UFFeScience/akoflow/internal/infrastructure/kubernetes/runtime/kubernetes_runtime_service/worker_run_activity_standalone_service.go:67.2,67.18 1 0
github.com/UFFeScience/akoflow/internal/infrastructure/kubernetes/runtime/kubernetes_runtime_service/worker_run_activity_standalone_service.go:67.18,70.3 2 0
github.com/UFFeScience/akoflow/internal/infrastructure/kubernetes/runtime/kubernetes_runtime_service/worker_run_activity_standalone_service.go:72.2,75.13 3 0
